<?xml version="1.0" encoding="UTF-8"?>
<testsuite name="registration.service.UserManagerTest" tests="5" skipped="0" failures="0" errors="0" timestamp="2018-03-13T08:07:14" hostname="in-atmaramnaik.local" time="0.439">
  <properties/>
  <testcase name="should_thow_exception_when_duplicate_email" classname="registration.service.UserManagerTest" time="0.151"/>
  <testcase name="should_thow_exception_when_data_too_long" classname="registration.service.UserManagerTest" time="0.094"/>
  <testcase name="should_create_user_and_return_userndto" classname="registration.service.UserManagerTest" time="0.087"/>
  <testcase name="should_thow_exception_when_unknown_exception" classname="registration.service.UserManagerTest" time="0.089"/>
  <testcase name="should_get_all_users_return_list_of_userdto" classname="registration.service.UserManagerTest" time="0.009"/>
  <system-out><![CDATA[13:37:13.912 [Test worker] DEBUG org.springframework.test.context.junit4.SpringJUnit4ClassRunner - SpringJUnit4ClassRunner constructor called with [class registration.service.UserManagerTest]
13:37:13.916 [Test worker] DEBUG org.springframework.test.context.BootstrapUtils - Instantiating CacheAwareContextLoaderDelegate from class [org.springframework.test.context.cache.DefaultCacheAwareContextLoaderDelegate]
13:37:13.922 [Test worker] DEBUG org.springframework.test.context.BootstrapUtils - Instantiating BootstrapContext using constructor [public org.springframework.test.context.support.DefaultBootstrapContext(java.lang.Class,org.springframework.test.context.CacheAwareContextLoaderDelegate)]
13:37:13.927 [Test worker] DEBUG org.springframework.test.context.BootstrapUtils - Instantiating TestContextBootstrapper for test class [registration.service.UserManagerTest] from class [org.springframework.test.context.support.DefaultTestContextBootstrapper]
13:37:13.944 [Test worker] DEBUG org.springframework.test.context.support.AbstractDelegatingSmartContextLoader - Delegating to GenericXmlContextLoader to process context configuration [ContextConfigurationAttributes@64fecd83 declaringClass = 'registration.service.UserManagerTest', classes = '{}', locations = '{}', inheritLocations = true, initializers = '{}', inheritInitializers = true, name = [null], contextLoaderClass = 'org.springframework.test.context.ContextLoader'].
13:37:13.946 [Test worker] DEBUG org.springframework.test.context.support.AbstractContextLoader - Did not detect default resource location for test class [registration.service.UserManagerTest]: class path resource [registration/service/UserManagerTest-context.xml] does not exist
13:37:13.947 [Test worker] INFO org.springframework.test.context.support.AbstractContextLoader - Could not detect default resource locations for test class [registration.service.UserManagerTest]: no resource found for suffixes {-context.xml}.
13:37:13.947 [Test worker] DEBUG org.springframework.test.context.support.AbstractDelegatingSmartContextLoader - Delegating to AnnotationConfigContextLoader to process context configuration [ContextConfigurationAttributes@64fecd83 declaringClass = 'registration.service.UserManagerTest', classes = '{}', locations = '{}', inheritLocations = true, initializers = '{}', inheritInitializers = true, name = [null], contextLoaderClass = 'org.springframework.test.context.ContextLoader'].
13:37:13.949 [Test worker] INFO org.springframework.test.context.support.AbstractDelegatingSmartContextLoader - AnnotationConfigContextLoader detected default configuration classes for context configuration [ContextConfigurationAttributes@64fecd83 declaringClass = 'registration.service.UserManagerTest', classes = '{class registration.service.UserManagerTest$UserManagerImplTestContextConfiguration}', locations = '{}', inheritLocations = true, initializers = '{}', inheritInitializers = true, name = [null], contextLoaderClass = 'org.springframework.test.context.ContextLoader'].
13:37:13.977 [Test worker] DEBUG org.springframework.test.context.support.ActiveProfilesUtils - Could not find an 'annotation declaring class' for annotation type [org.springframework.test.context.ActiveProfiles] and class [registration.service.UserManagerTest]
13:37:13.978 [Test worker] DEBUG org.springframework.test.context.support.DefaultTestContextBootstrapper - @TestExecutionListeners is not present for class [registration.service.UserManagerTest]: using defaults.
13:37:13.981 [Test worker] INFO org.springframework.test.context.support.DefaultTestContextBootstrapper - Loaded default TestExecutionListener class names from location [META-INF/spring.factories]: [org.springframework.boot.test.mock.mockito.MockitoTestExecutionListener, org.springframework.boot.test.mock.mockito.ResetMocksTestExecutionListener, org.springframework.boot.test.autoconfigure.restdocs.RestDocsTestExecutionListener, org.springframework.boot.test.autoconfigure.web.client.MockRestServiceServerResetTestExecutionListener, org.springframework.boot.test.autoconfigure.web.servlet.MockMvcPrintOnlyOnFailureTestExecutionListener, org.springframework.boot.test.autoconfigure.web.servlet.WebDriverTestExecutionListener, org.springframework.test.context.web.ServletTestExecutionListener, org.springframework.test.context.support.DirtiesContextBeforeModesTestExecutionListener, org.springframework.test.context.support.DependencyInjectionTestExecutionListener, org.springframework.test.context.support.DirtiesContextTestExecutionListener, org.springframework.test.context.transaction.TransactionalTestExecutionListener, org.springframework.test.context.jdbc.SqlScriptsTestExecutionListener]
13:37:13.994 [Test worker] INFO org.springframework.test.context.support.DefaultTestContextBootstrapper - Using TestExecutionListeners: [org.springframework.test.context.web.ServletTestExecutionListener@67010b15, org.springframework.test.context.support.DirtiesContextBeforeModesTestExecutionListener@3c5c75fb, org.springframework.test.context.support.DependencyInjectionTestExecutionListener@2cfab2d, org.springframework.test.context.support.DirtiesContextTestExecutionListener@70e3535f, org.springframework.test.context.transaction.TransactionalTestExecutionListener@1fd5b7f5, org.springframework.test.context.jdbc.SqlScriptsTestExecutionListener@4079fa59, org.springframework.boot.test.mock.mockito.ResetMocksTestExecutionListener@3f90b7b8, org.springframework.boot.test.autoconfigure.web.servlet.WebDriverTestExecutionListener@550372be, org.springframework.boot.test.autoconfigure.restdocs.RestDocsTestExecutionListener@675b0df4, org.springframework.boot.test.mock.mockito.MockitoTestExecutionListener@68ff9874, org.springframework.boot.test.autoconfigure.web.servlet.MockMvcPrintOnlyOnFailureTestExecutionListener@52e8cfa4, org.springframework.boot.test.autoconfigure.web.client.MockRestServiceServerResetTestExecutionListener@1c30d1c5]
13:37:13.996 [Test worker] DEBUG org.springframework.test.annotation.ProfileValueUtils - Retrieved @ProfileValueSourceConfiguration [null] for test class [registration.service.UserManagerTest]
13:37:13.996 [Test worker] DEBUG org.springframework.test.annotation.ProfileValueUtils - Retrieved ProfileValueSource type [class org.springframework.test.annotation.SystemProfileValueSource] for class [registration.service.UserManagerTest]
13:37:13.997 [Test worker] DEBUG org.springframework.test.annotation.ProfileValueUtils - Retrieved @ProfileValueSourceConfiguration [null] for test class [registration.service.UserManagerTest]
13:37:13.997 [Test worker] DEBUG org.springframework.test.annotation.ProfileValueUtils - Retrieved ProfileValueSource type [class org.springframework.test.annotation.SystemProfileValueSource] for class [registration.service.UserManagerTest]
13:37:13.999 [Test worker] DEBUG org.springframework.test.context.support.AbstractDirtiesContextTestExecutionListener - Before test class: context [DefaultTestContext@123041df testClass = UserManagerTest, testInstance = [null], testMethod = [null], testException = [null], mergedContextConfiguration = [MergedContextConfiguration@28d12502 testClass = UserManagerTest, locations = '{}', classes = '{class registration.service.UserManagerTest$UserManagerImplTestContextConfiguration}', contextInitializerClasses = '[]', activeProfiles = '{}', propertySourceLocations = '{}', propertySourceProperties = '{}', contextCustomizers = set[org.springframework.boot.test.context.filter.ExcludeFilterContextCustomizer@67fcb0c5, org.springframework.boot.test.json.DuplicateJsonObjectContextCustomizerFactory$DuplicateJsonObjectContextCustomizer@4542eeec, org.springframework.boot.test.mock.mockito.MockitoContextCustomizer@0, org.springframework.boot.test.autoconfigure.properties.PropertyMappingContextCustomizer@0, org.springframework.boot.test.autoconfigure.web.servlet.WebDriverContextCustomizerFactory$Customizer@5cbcd6b4], contextLoader = 'org.springframework.test.context.support.DelegatingSmartContextLoader', parent = [null]]], class annotated with @DirtiesContext [false] with mode [null].
13:37:14.000 [Test worker] DEBUG org.springframework.test.annotation.ProfileValueUtils - Retrieved @ProfileValueSourceConfiguration [null] for test class [registration.service.UserManagerTest]
13:37:14.000 [Test worker] DEBUG org.springframework.test.annotation.ProfileValueUtils - Retrieved ProfileValueSource type [class org.springframework.test.annotation.SystemProfileValueSource] for class [registration.service.UserManagerTest]
13:37:14.001 [Test worker] DEBUG org.springframework.test.context.support.DependencyInjectionTestExecutionListener - Performing dependency injection for test context [[DefaultTestContext@123041df testClass = UserManagerTest, testInstance = registration.service.UserManagerTest@11f584d5, testMethod = [null], testException = [null], mergedContextConfiguration = [MergedContextConfiguration@28d12502 testClass = UserManagerTest, locations = '{}', classes = '{class registration.service.UserManagerTest$UserManagerImplTestContextConfiguration}', contextInitializerClasses = '[]', activeProfiles = '{}', propertySourceLocations = '{}', propertySourceProperties = '{}', contextCustomizers = set[org.springframework.boot.test.context.filter.ExcludeFilterContextCustomizer@67fcb0c5, org.springframework.boot.test.json.DuplicateJsonObjectContextCustomizerFactory$DuplicateJsonObjectContextCustomizer@4542eeec, org.springframework.boot.test.mock.mockito.MockitoContextCustomizer@0, org.springframework.boot.test.autoconfigure.properties.PropertyMappingContextCustomizer@0, org.springframework.boot.test.autoconfigure.web.servlet.WebDriverContextCustomizerFactory$Customizer@5cbcd6b4], contextLoader = 'org.springframework.test.context.support.DelegatingSmartContextLoader', parent = [null]]]].
13:37:14.001 [Test worker] DEBUG org.springframework.test.context.support.AbstractDelegatingSmartContextLoader - Delegating to AnnotationConfigContextLoader to load context from [MergedContextConfiguration@28d12502 testClass = UserManagerTest, locations = '{}', classes = '{class registration.service.UserManagerTest$UserManagerImplTestContextConfiguration}', contextInitializerClasses = '[]', activeProfiles = '{}', propertySourceLocations = '{}', propertySourceProperties = '{}', contextCustomizers = set[org.springframework.boot.test.context.filter.ExcludeFilterContextCustomizer@67fcb0c5, org.springframework.boot.test.json.DuplicateJsonObjectContextCustomizerFactory$DuplicateJsonObjectContextCustomizer@4542eeec, org.springframework.boot.test.mock.mockito.MockitoContextCustomizer@0, org.springframework.boot.test.autoconfigure.properties.PropertyMappingContextCustomizer@0, org.springframework.boot.test.autoconfigure.web.servlet.WebDriverContextCustomizerFactory$Customizer@5cbcd6b4], contextLoader = 'org.springframework.test.context.support.DelegatingSmartContextLoader', parent = [null]].
13:37:14.002 [Test worker] DEBUG org.springframework.test.context.support.AbstractGenericContextLoader - Loading ApplicationContext for merged context configuration [[MergedContextConfiguration@28d12502 testClass = UserManagerTest, locations = '{}', classes = '{class registration.service.UserManagerTest$UserManagerImplTestContextConfiguration}', contextInitializerClasses = '[]', activeProfiles = '{}', propertySourceLocations = '{}', propertySourceProperties = '{}', contextCustomizers = set[org.springframework.boot.test.context.filter.ExcludeFilterContextCustomizer@67fcb0c5, org.springframework.boot.test.json.DuplicateJsonObjectContextCustomizerFactory$DuplicateJsonObjectContextCustomizer@4542eeec, org.springframework.boot.test.mock.mockito.MockitoContextCustomizer@0, org.springframework.boot.test.autoconfigure.properties.PropertyMappingContextCustomizer@0, org.springframework.boot.test.autoconfigure.web.servlet.WebDriverContextCustomizerFactory$Customizer@5cbcd6b4], contextLoader = 'org.springframework.test.context.support.DelegatingSmartContextLoader', parent = [null]]].
13:37:14.037 [Test worker] DEBUG org.springframework.core.env.StandardEnvironment - Adding PropertySource 'systemProperties' with lowest search precedence
13:37:14.037 [Test worker] DEBUG org.springframework.core.env.StandardEnvironment - Adding PropertySource 'systemEnvironment' with lowest search precedence
13:37:14.038 [Test worker] DEBUG org.springframework.core.env.StandardEnvironment - Initialized StandardEnvironment with PropertySources [MapPropertySource@1796302877 {name='systemProperties', properties={java.runtime.name=Java(TM) SE Runtime Environment, sun.boot.library.path=/Library/Java/JavaVirtualMachines/jdk1.8.0_101.jdk/Contents/Home/jre/lib, java.vm.version=25.101-b13, gopherProxySet=false, java.vm.vendor=Oracle Corporation, java.vendor.url=http://java.oracle.com/, path.separator=:, java.vm.name=Java HotSpot(TM) 64-Bit Server VM, file.encoding.pkg=sun.io, sun.java.launcher=SUN_STANDARD, user.country=US, sun.os.patch.level=unknown, java.vm.specification.name=Java Virtual Machine Specification, user.dir=/Users/atmaramn/Projects/atmaram/webstore/registration-service, java.runtime.version=1.8.0_101-b13, java.awt.graphicsenv=sun.awt.CGraphicsEnvironment, java.endorsed.dirs=/Library/Java/JavaVirtualMachines/jdk1.8.0_101.jdk/Contents/Home/jre/lib/endorsed, os.arch=x86_64, java.io.tmpdir=/var/folders/1d/x99ffcb9711gwrd81cn6c6br0000gn/T/, line.separator=
, java.vm.specification.vendor=Oracle Corporation, user.variant=, os.name=Mac OS X, sun.jnu.encoding=UTF-8, java.library.path=/Users/atmaramn/Library/Java/Extensions:/Library/Java/Extensions:/Network/Library/Java/Extensions:/System/Library/Java/Extensions:/usr/lib/java:., java.specification.name=Java Platform API Specification, java.class.version=52.0, sun.management.compiler=HotSpot 64-Bit Tiered Compilers, os.version=10.13.3, http.nonProxyHosts=local|*.local|169.254/16|*.169.254/16|10.15.0.0/20|*.10.15.0.0/20|10.14.0.0/16|*.10.14.0.0/16|10.12.0.0/15|*.10.12.0.0/15|10.8.0.0/14|*.10.8.0.0/14|10.0.0.0/13|*.10.0.0.0/13|10.15.20.0/22|*.10.15.20.0/22|10.15.24.0/21|*.10.15.24.0/21|10.15.32.0/19|*.10.15.32.0/19|10.15.64.0/18|*.10.15.64.0/18|10.15.128.0/17|*.10.15.128.0/17|10.16.0.0/12|*.10.16.0.0/12|10.32.0.0/11|*.10.32.0.0/11|10.64.0.0/10|*.10.64.0.0/10|10.131.127.252/31|*.10.131.127.252/31|10.131.127.248/30|*.10.131.127.248/30|10.131.127.240/29|*.10.131.127.240/29|10.131.127.224/28|*.10.131.127.224/28|10.131.127.192/27|*.10.131.127.192/27|10.131.127.128/26|*.10.131.127.128/26|10.131.127.0/25|*.10.131.127.0/25|10.131.126.0/24|*.10.131.126.0/24|10.131.124.0/23|*.10.131.124.0/23|10.131.120.0/22|*.10.131.120.0/22|10.131.112.0/21|*.10.131.112.0/21|10.131.96.0/20|*.10.131.96.0/20|10.131.64.0/19|*.10.131.64.0/19|10.131.0.0/18|*.10.131.0.0/18|10.130.0.0/16|*.10.130.0.0/16|10.128.0.0/15|*.10.128.0.0/15|10.131.127.255/32|*.10.131.127.255/32|10.131.128.0/17|*.10.131.128.0/17|10.132.0.0/14|*.10.132.0.0/14|10.136.0.0/13|*.10.136.0.0/13|10.144.0.0/12|*.10.144.0.0/12|10.160.0.0/11|*.10.160.0.0/11|10.192.0.0/10|*.10.192.0.0/10|41.178.5.80/29|*.41.178.5.80/29|140.206.253.0/24|*.140.206.253.0/24|164.61.192.0/28|*.164.61.192.0/28|164.61.128.0/18|*.164.61.128.0/18|164.61.0.0/17|*.164.61.0.0/17|164.61.192.17/32|*.164.61.192.17/32|164.61.192.18/31|*.164.61.192.18/31|164.61.192.20/30|*.164.61.192.20/30|164.61.192.24/29|*.164.61.192.24/29|164.61.192.32/27|*.164.61.192.32/27|164.61.192.64/26|*.164.61.192.64/26|164.61.192.128/25|*.164.61.192.128/25|164.61.193.0/24|*.164.61.193.0/24|164.61.194.0/23|*.164.61.194.0/23|164.61.196.0/22|*.164.61.196.0/22|164.61.200.0/21|*.164.61.200.0/21|164.61.208.0/20|*.164.61.208.0/20|164.61.224.0/19|*.164.61.224.0/19|164.139.0.0/18|*.164.139.0.0/18|164.139.88.0/22|*.164.139.88.0/22|164.139.80.0/21|*.164.139.80.0/21|164.139.132.0/24|*.164.139.132.0/24|164.139.170.0/24|*.164.139.170.0/24|164.139.192.0/19|*.164.139.192.0/19|164.139.232.128/27|*.164.139.232.128/27|164.139.240.128/27|*.164.139.240.128/27|164.139.252.160/27|*.164.139.252.160/27|172.22.216.0/23|*.172.22.216.0/23|172.22.208.0/21|*.172.22.208.0/21|172.22.192.0/20|*.172.22.192.0/20|172.22.128.0/18|*.172.22.128.0/18|172.22.0.0/17|*.172.22.0.0/17|172.20.0.0/15|*.172.20.0.0/15|172.16.0.0/14|*.172.16.0.0/14|172.22.219.0/24|*.172.22.219.0/24|172.22.220.0/22|*.172.22.220.0/22|172.22.224.0/19|*.172.22.224.0/19|172.23.0.0/16|*.172.23.0.0/16|172.24.0.0/13|*.172.24.0.0/13|194.31.224.0/24|*.194.31.224.0/24|194.99.160.0/19|*.194.99.160.0/19|194.99.192.0/22|*.194.99.192.0/22|194.99.196.128/27|*.194.99.196.128/27|194.99.200.0/21|*.194.99.200.0/21|194.99.216.0/23|*.194.99.216.0/23|194.99.208.0/21|*.194.99.208.0/21|194.99.219.0/25|*.194.99.219.0/25|194.99.220.0/28|*.194.99.220.0/28|194.99.232.128/26|*.194.99.232.128/26|194.99.236.0/22|*.194.99.236.0/22|194.99.240.192/26|*.194.99.240.192/26|194.99.242.0/23|*.194.99.242.0/23|194.99.245.0/27|*.194.99.245.0/27|194.99.248.0/28|*.194.99.248.0/28|194.99.248.64/28|*.194.99.248.64/28|194.99.248.120/29|*.194.99.248.120/29|194.99.248.128/28|*.194.99.248.128/28|194.99.248.192/26|*.194.99.248.192/26|194.99.252.0/22|*.194.99.252.0/22|194.120.192.0/23|*.194.120.192.0/23|194.120.201.0/24|*.194.120.201.0/24|194.120.204.0/22|*.194.120.204.0/22|194.120.217.0/24|*.194.120.217.0/24|194.120.219.0/24|*.194.120.219.0/24|194.120.222.0/24|*.194.120.222.0/24|194.120.220.0/23|*.194.120.220.0/23|194.123.45.0/24|*.194.123.45.0/24|194.156.40.0/22|*.194.156.40.0/22|194.156.32.0/21|*.194.156.32.0/21|194.156.48.0/20|*.194.156.48.0/20|194.209.131.0/27|*.194.209.131.0/27|195.22.240.112/29|*.195.22.240.112/29|195.65.5.192/26|*.195.65.5.192/26|195.101.171.192/28|*.195.101.171.192/28|202.125.143.240/28|*.202.125.143.240/28|210.175.251.104/29|*.210.175.251.104/29|210.175.251.112/28|*.210.175.251.112/28|220.248.5.112/28|*.220.248.5.112/28, user.home=/Users/atmaramn, user.timezone=Asia/Kolkata, java.awt.printerjob=sun.lwawt.macosx.CPrinterJob, file.encoding=UTF-8, java.specification.version=1.8, java.class.path=/Users/atmaramn/Projects/atmaram/webstore/registration-service/build/classes/test:/Users/atmaramn/Projects/atmaram/webstore/registration-service/build/resources/test:/Users/atmaramn/Projects/atmaram/webstore/registration-service/build/classes/main:/Users/atmaramn/Projects/atmaram/webstore/registration-service/build/resources/main:/Users/atmaramn/.gradle/caches/modules-2/files-2.1/org.springframework.boot/spring-boot-starter-web/1.5.9.RELEASE/bda9733d5e6ba6d1a97deead1738713dc0631b3e/spring-boot-starter-web-1.5.9.RELEASE.jar:/Users/atmaramn/.gradle/caches/modules-2/files-2.1/org.springframework.boot/spring-boot-starter-data-jpa/1.5.9.RELEASE/8628320876aa12cc406216523effe954fbd354c0/spring-boot-starter-data-jpa-1.5.9.RELEASE.jar:/Users/atmaramn/.gradle/caches/modules-2/files-2.1/org.modelmapper/modelmapper/1.1.2/e5e5a4ffb4c2b61ab1d723e7a2d6d6651b868592/modelmapper-1.1.2.jar:/Users/atmaramn/.gradle/caches/modules-2/files-2.1/mysql/mysql-connector-java/5.1.44/61b6b998192c85bb581c6be90e03dcd4b9079db4/mysql-connector-java-5.1.44.jar:/Users/atmaramn/.gradle/caches/modules-2/files-2.1/org.springframework.boot/spring-boot-starter-security/1.5.9.RELEASE/f6ee3598d26440007927c67371406f2433c13e2d/spring-boot-starter-security-1.5.9.RELEASE.jar:/Users/atmaramn/.gradle/caches/modules-2/files-2.1/io.jsonwebtoken/jjwt/0.2/91e12a0c77d8ea7dc97c60e3db85659325dd2e93/jjwt-0.2.jar:/Users/atmaramn/.gradle/caches/modules-2/files-2.1/org.springframework.boot/spring-boot-starter-test/1.5.9.RELEASE/b5adf6fbf53be00b7ae52f657d564122edbe5156/spring-boot-starter-test-1.5.9.RELEASE.jar:/Users/atmaramn/.gradle/caches/modules-2/files-2.1/junit/junit/4.12/2973d150c0dc1fefe998f834810d68f278ea58ec/junit-4.12.jar:/Users/atmaramn/.gradle/caches/modules-2/files-2.1/org.springframework.boot/spring-boot-starter/1.5.9.RELEASE/6bfb34db2715ee86c6e2337fa145650588b4b1b3/spring-boot-starter-1.5.9.RELEASE.jar:/Users/atmaramn/.gradle/caches/modules-2/files-2.1/org.springframework.boot/spring-boot-starter-tomcat/1.5.9.RELEASE/4615056f8a2bcad03ba8cdf410419ee3d101c5bb/spring-boot-starter-tomcat-1.5.9.RELEASE.jar:/Users/atmaramn/.gradle/caches/modules-2/files-2.1/org.hibernate/hibernate-validator/5.3.6.Final/4c730be8bf55a8e9a61e79a2f2c079abf48b718/hibernate-validator-5.3.6.Final.jar:/Users/atmaramn/.gradle/caches/modules-2/files-2.1/com.fasterxml.jackson.core/jackson-databind/2.8.10/f7b83cb2bc4b88d53961e749e1ad32f49ef017b7/jackson-databind-2.8.10.jar:/Users/atmaramn/.gradle/caches/modules-2/files-2.1/org.springframework/spring-web/4.3.13.RELEASE/7cd084992d546165ede3e99bc31ee49c937f0ce7/spring-web-4.3.13.RELEASE.jar:/Users/atmaramn/.gradle/caches/modules-2/files-2.1/org.springframework/spring-webmvc/4.3.13.RELEASE/87a095c7a1d13fe433ae6712787238c1dbaa6919/spring-webmvc-4.3.13.RELEASE.jar:/Users/atmaramn/.gradle/caches/modules-2/files-2.1/org.springframework.boot/spring-boot-starter-aop/1.5.9.RELEASE/fab419df8d7a13968a51ebfcbcad7ef320d66184/spring-boot-starter-aop-1.5.9.RELEASE.jar:/Users/atmaramn/.gradle/caches/modules-2/files-2.1/org.springframework.boot/spring-boot-starter-jdbc/1.5.9.RELEASE/6769ecea55e952afb64f17975638c5afd1e59ef3/spring-boot-starter-jdbc-1.5.9.RELEASE.jar:/Users/atmaramn/.gradle/caches/modules-2/files-2.1/org.hibernate/hibernate-core/5.0.12.Final/e58bf1c660e6706d8e2cbb53bae110f574366102/hibernate-core-5.0.12.Final.jar:/Users/atmaramn/.gradle/caches/modules-2/files-2.1/org.hibernate/hibernate-entitymanager/5.0.12.Final/302a526f5058290e9cbd719a5caf9f248d344719/hibernate-entitymanager-5.0.12.Final.jar:/Users/atmaramn/.gradle/caches/modules-2/files-2.1/javax.transaction/javax.transaction-api/1.2/d81aff979d603edd90dcd8db2abc1f4ce6479e3e/javax.transaction-api-1.2.jar:/Users/atmaramn/.gradle/caches/modules-2/files-2.1/org.springframework.data/spring-data-jpa/1.11.9.RELEASE/64c80f12361d5b74cf98a3433b59a5c961d78d38/spring-data-jpa-1.11.9.RELEASE.jar:/Users/atmaramn/.gradle/caches/modules-2/files-2.1/org.springframework/spring-aspects/4.3.13.RELEASE/c91788e6b7c431379d0f7fe5f85f427d7e3f01ae/spring-aspects-4.3.13.RELEASE.jar:/Users/atmaramn/.gradle/caches/modules-2/files-2.1/org.springframework/spring-aop/4.3.13.RELEASE/61f427b55951f59b50f3c2bd0de3c48960e2a342/spring-aop-4.3.13.RELEASE.jar:/Users/atmaramn/.gradle/caches/modules-2/files-2.1/org.springframework.security/spring-security-config/4.2.3.RELEASE/9f3771903616e33521836fd999d63efbfebf90d/spring-security-config-4.2.3.RELEASE.jar:/Users/atmaramn/.gradle/caches/modules-2/files-2.1/org.springframework.security/spring-security-web/4.2.3.RELEASE/7a03e737484ca232d7146852f06d067ac21427ac/spring-security-web-4.2.3.RELEASE.jar:/Users/atmaramn/.gradle/caches/modules-2/files-2.1/org.slf4j/slf4j-api/1.7.25/da76ca59f6a57ee3102f8f9bd9cee742973efa8a/slf4j-api-1.7.25.jar:/Users/atmaramn/.gradle/caches/modules-2/files-2.1/org.springframework.boot/spring-boot-test/1.5.9.RELEASE/7e604d56325f04a8b89a280e647746fc69e5a21f/spring-boot-test-1.5.9.RELEASE.jar:/Users/atmaramn/.gradle/caches/modules-2/files-2.1/org.springframework.boot/spring-boot-test-autoconfigure/1.5.9.RELEASE/b428495e25b0531b2a977f51c5d29011c817b8ee/spring-boot-test-autoconfigure-1.5.9.RELEASE.jar:/Users/atmaramn/.gradle/caches/modules-2/files-2.1/com.jayway.jsonpath/json-path/2.2.0/22290d17944bd239fabf5ac69005a60a7ecbbbcb/json-path-2.2.0.jar:/Users/atmaramn/.gradle/caches/modules-2/files-2.1/org.assertj/assertj-core/2.6.0/b532c3fc4f66bcfee4989a3514f1cd56203a33ad/assertj-core-2.6.0.jar:/Users/atmaramn/.gradle/caches/modules-2/files-2.1/org.mockito/mockito-core/1.10.19/e8546f5bef4e061d8dd73895b4e8f40e3fe6effe/mockito-core-1.10.19.jar:/Users/atmaramn/.gradle/caches/modules-2/files-2.1/org.hamcrest/hamcrest-core/1.3/42a25dc3219429f0e5d060061f71acb49bf010a0/hamcrest-core-1.3.jar:/Users/atmaramn/.gradle/caches/modules-2/files-2.1/org.hamcrest/hamcrest-library/1.3/4785a3c21320980282f9f33d0d1264a69040538f/hamcrest-library-1.3.jar:/Users/atmaramn/.gradle/caches/modules-2/files-2.1/org.skyscreamer/jsonassert/1.4.0/9cdbb373a06f6513e51e8c545ee6a5e981463edb/jsonassert-1.4.0.jar:/Users/atmaramn/.gradle/caches/modules-2/files-2.1/org.springframework/spring-core/4.3.13.RELEASE/eea18d7f4d01f1baa1b6728b678b5a6fe23c61f6/spring-core-4.3.13.RELEASE.jar:/Users/atmaramn/.gradle/caches/modules-2/files-2.1/org.springframework/spring-test/4.3.13.RELEASE/f4ff71b0d628d37f334d4f1f197c1b8cea364d01/spring-test-4.3.13.RELEASE.jar:/Users/atmaramn/.gradle/caches/modules-2/files-2.1/org.springframework.boot/spring-boot/1.5.9.RELEASE/f472cdf948288796fb31e0bb03f6e7b022b763a0/spring-boot-1.5.9.RELEASE.jar:/Users/atmaramn/.gradle/caches/modules-2/files-2.1/org.springframework.boot/spring-boot-autoconfigure/1.5.9.RELEASE/88dd18bdaf317ae40971573a051fd47265f2ed39/spring-boot-autoconfigure-1.5.9.RELEASE.jar:/Users/atmaramn/.gradle/caches/modules-2/files-2.1/org.springframework.boot/spring-boot-starter-logging/1.5.9.RELEASE/30fd62a1ce9639759d90d49608501082314c1628/spring-boot-starter-logging-1.5.9.RELEASE.jar:/Users/atmaramn/.gradle/caches/modules-2/files-2.1/org.yaml/snakeyaml/1.17/7a27ea250c5130b2922b86dea63cbb1cc10a660c/snakeyaml-1.17.jar:/Users/atmaramn/.gradle/caches/modules-2/files-2.1/org.apache.tomcat.embed/tomcat-embed-core/8.5.23/79261793a47f507890ee08f749b9d81774e4f7f0/tomcat-embed-core-8.5.23.jar:/Users/atmaramn/.gradle/caches/modules-2/files-2.1/org.apache.tomcat.embed/tomcat-embed-el/8.5.23/98d979cde444dffa6d434c8377d0123b2dfa614c/tomcat-embed-el-8.5.23.jar:/Users/atmaramn/.gradle/caches/modules-2/files-2.1/org.apache.tomcat.embed/tomcat-embed-websocket/8.5.23/52f07abcae10dc7e1764304b0877def175c2c833/tomcat-embed-websocket-8.5.23.jar:/Users/atmaramn/.gradle/caches/modules-2/files-2.1/javax.validation/validation-api/1.1.0.Final/8613ae82954779d518631e05daa73a6a954817d5/validation-api-1.1.0.Final.jar:/Users/atmaramn/.gradle/caches/modules-2/files-2.1/org.jboss.logging/jboss-logging/3.3.1.Final/c46217ab74b532568c0ed31dc599db3048bd1b67/jboss-logging-3.3.1.Final.jar:/Users/atmaramn/.gradle/caches/modules-2/files-2.1/com.fasterxml/classmate/1.3.4/3d5f48f10bbe4eb7bd862f10c0583be2e0053c6/classmate-1.3.4.jar:/Users/atmaramn/.gradle/caches/modules-2/files-2.1/com.fasterxml.jackson.core/jackson-annotations/2.8.0/45b426f7796b741035581a176744d91090e2e6fb/jackson-annotations-2.8.0.jar:/Users/atmaramn/.gradle/caches/modules-2/files-2.1/com.fasterxml.jackson.core/jackson-core/2.8.10/eb21a035c66ad307e66ec8fce37f5d50fd62d039/jackson-core-2.8.10.jar:/Users/atmaramn/.gradle/caches/modules-2/files-2.1/org.springframework/spring-beans/4.3.13.RELEASE/8613a7077722f1d97f8cb3fea4b0b40bfadf4496/spring-beans-4.3.13.RELEASE.jar:/Users/atmaramn/.gradle/caches/modules-2/files-2.1/org.springframework/spring-context/4.3.13.RELEASE/6ab1c189a13182fa3256f6bbc68fafdaf8f5a19e/spring-context-4.3.13.RELEASE.jar:/Users/atmaramn/.gradle/caches/modules-2/files-2.1/org.springframework/spring-expression/4.3.13.RELEASE/da22bf7df1262e429b49653be6cd5b89b6affe5e/spring-expression-4.3.13.RELEASE.jar:/Users/atmaramn/.gradle/caches/modules-2/files-2.1/org.aspectj/aspectjweaver/1.8.13/ad94df2a28d658a40dc27bbaff6a1ce5fbf04e9b/aspectjweaver-1.8.13.jar:/Users/atmaramn/.gradle/caches/modules-2/files-2.1/org.apache.tomcat/tomcat-jdbc/8.5.23/6036400a8f2d90dd3ae3a4d09e5136c56002887b/tomcat-jdbc-8.5.23.jar:/Users/atmaramn/.gradle/caches/modules-2/files-2.1/org.springframework/spring-jdbc/4.3.13.RELEASE/68e95c2a065641559c7dab7b605bc5847ab026ad/spring-jdbc-4.3.13.RELEASE.jar:/Users/atmaramn/.gradle/caches/modules-2/files-2.1/org.hibernate.javax.persistence/hibernate-jpa-2.1-api/1.0.0.Final/5e731d961297e5a07290bfaf3db1fbc8bbbf405a/hibernate-jpa-2.1-api-1.0.0.Final.jar:/Users/atmaramn/.gradle/caches/modules-2/files-2.1/org.javassist/javassist/3.21.0-GA/598244f595db5c5fb713731eddbb1c91a58d959b/javassist-3.21.0-GA.jar:/Users/atmaramn/.gradle/caches/modules-2/files-2.1/antlr/antlr/2.7.7/83cd2cd674a217ade95a4bb83a8a14f351f48bd0/antlr-2.7.7.jar:/Users/atmaramn/.gradle/caches/modules-2/files-2.1/org.jboss/jandex/2.0.0.Final/3e899258936f94649c777193e1be846387ed54b3/jandex-2.0.0.Final.jar:/Users/atmaramn/.gradle/caches/modules-2/files-2.1/dom4j/dom4j/1.6.1/5d3ccc056b6f056dbf0dddfdf43894b9065a8f94/dom4j-1.6.1.jar:/Users/atmaramn/.gradle/caches/modules-2/files-2.1/org.hibernate.common/hibernate-commons-annotations/5.0.1.Final/71e1cff3fcb20d3b3af4f3363c3ddb24d33c6879/hibernate-commons-annotations-5.0.1.Final.jar:/Users/atmaramn/.gradle/caches/modules-2/files-2.1/org.springframework.data/spring-data-commons/1.13.9.RELEASE/3910a598235d2e9c1ca56f34c5e62bb5ce23778/spring-data-commons-1.13.9.RELEASE.jar:/Users/atmaramn/.gradle/caches/modules-2/files-2.1/org.springframework/spring-orm/4.3.13.RELEASE/382d3ce044204947f8f2b3fa67a665d4e2bd346f/spring-orm-4.3.13.RELEASE.jar:/Users/atmaramn/.gradle/caches/modules-2/files-2.1/org.springframework/spring-tx/4.3.13.RELEASE/6ebf7b3f2099fa884038d9d7bd44817ebd9c5b4a/spring-tx-4.3.13.RELEASE.jar:/Users/atmaramn/.gradle/caches/modules-2/files-2.1/org.slf4j/jcl-over-slf4j/1.7.25/f8c32b13ff142a513eeb5b6330b1588dcb2c0461/jcl-over-slf4j-1.7.25.jar:/Users/atmaramn/.gradle/caches/modules-2/files-2.1/org.springframework.security/spring-security-core/4.2.3.RELEASE/5c0e47a47036c94d6fdd02696bf52be6d1adbd4d/spring-security-core-4.2.3.RELEASE.jar:/Users/atmaramn/.gradle/caches/modules-2/files-2.1/net.minidev/json-smart/2.2.1/5b9e5df7a62d1279b70dc882b041d249c4f0b002/json-smart-2.2.1.jar:/Users/atmaramn/.gradle/caches/modules-2/files-2.1/org.objenesis/objenesis/2.1/87c0ea803b69252868d09308b4618f766f135a96/objenesis-2.1.jar:/Users/atmaramn/.gradle/caches/modules-2/files-2.1/com.vaadin.external.google/android-json/0.0.20131108.vaadin1/fa26d351fe62a6a17f5cda1287c1c6110dec413f/android-json-0.0.20131108.vaadin1.jar:/Users/atmaramn/.gradle/caches/modules-2/files-2.1/ch.qos.logback/logback-classic/1.1.11/ccedfbacef4a6515d2983e3f89ed753d5d4fb665/logback-classic-1.1.11.jar:/Users/atmaramn/.gradle/caches/modules-2/files-2.1/org.slf4j/jul-to-slf4j/1.7.25/af5364cd6679bfffb114f0dec8a157aaa283b76/jul-to-slf4j-1.7.25.jar:/Users/atmaramn/.gradle/caches/modules-2/files-2.1/org.slf4j/log4j-over-slf4j/1.7.25/a87bb47468f47ee7aabbd54f93e133d4215769c3/log4j-over-slf4j-1.7.25.jar:/Users/atmaramn/.gradle/caches/modules-2/files-2.1/org.apache.tomcat/tomcat-annotations-api/8.5.23/aaf17df9fe0240e9e9d5375d24d5f177174b73d9/tomcat-annotations-api-8.5.23.jar:/Users/atmaramn/.gradle/caches/modules-2/files-2.1/org.apache.tomcat/tomcat-juli/8.5.23/98e7f0610b7b2fb8303f11be0210e3f5a56a7d55/tomcat-juli-8.5.23.jar:/Users/atmaramn/.gradle/caches/modules-2/files-2.1/net.minidev/accessors-smart/1.1/a527213f2fea112a04c9bdf0ec0264e34104cd08/accessors-smart-1.1.jar:/Users/atmaramn/.gradle/caches/modules-2/files-2.1/ch.qos.logback/logback-core/1.1.11/88b8df40340eed549fb07e2613879bf6b006704d/logback-core-1.1.11.jar:/Users/atmaramn/.gradle/caches/modules-2/files-2.1/org.ow2.asm/asm/5.0.3/dcc2193db20e19e1feca8b1240dbbc4e190824fa/asm-5.0.3.jar, user.name=atmaramn, java.vm.specification.version=1.8, sun.java.command=worker.org.gradle.process.internal.worker.GradleWorkerMain 'Gradle Test Executor 1', java.home=/Library/Java/JavaVirtualMachines/jdk1.8.0_101.jdk/Contents/Home/jre, sun.arch.data.model=64, user.language=en, java.specification.vendor=Oracle Corporation, awt.toolkit=sun.lwawt.macosx.LWCToolkit, java.vm.info=mixed mode, java.version=1.8.0_101, java.ext.dirs=/Users/atmaramn/Library/Java/Extensions:/Library/Java/JavaVirtualMachines/jdk1.8.0_101.jdk/Contents/Home/jre/lib/ext:/Library/Java/Extensions:/Network/Library/Java/Extensions:/System/Library/Java/Extensions:/usr/lib/java, sun.boot.class.path=/Library/Java/JavaVirtualMachines/jdk1.8.0_101.jdk/Contents/Home/jre/lib/resources.jar:/Library/Java/JavaVirtualMachines/jdk1.8.0_101.jdk/Contents/Home/jre/lib/rt.jar:/Library/Java/JavaVirtualMachines/jdk1.8.0_101.jdk/Contents/Home/jre/lib/sunrsasign.jar:/Library/Java/JavaVirtualMachines/jdk1.8.0_101.jdk/Contents/Home/jre/lib/jsse.jar:/Library/Java/JavaVirtualMachines/jdk1.8.0_101.jdk/Contents/Home/jre/lib/jce.jar:/Library/Java/JavaVirtualMachines/jdk1.8.0_101.jdk/Contents/Home/jre/lib/charsets.jar:/Library/Java/JavaVirtualMachines/jdk1.8.0_101.jdk/Contents/Home/jre/lib/jfr.jar:/Library/Java/JavaVirtualMachines/jdk1.8.0_101.jdk/Contents/Home/jre/classes, java.vendor=Oracle Corporation, org.gradle.test.worker=1, file.separator=/, java.vendor.url.bug=http://bugreport.sun.com/bugreport/, sun.io.unicode.encoding=UnicodeBig, sun.cpu.endian=little, socksNonProxyHosts=local|*.local|169.254/16|*.169.254/16|10.15.0.0/20|*.10.15.0.0/20|10.14.0.0/16|*.10.14.0.0/16|10.12.0.0/15|*.10.12.0.0/15|10.8.0.0/14|*.10.8.0.0/14|10.0.0.0/13|*.10.0.0.0/13|10.15.20.0/22|*.10.15.20.0/22|10.15.24.0/21|*.10.15.24.0/21|10.15.32.0/19|*.10.15.32.0/19|10.15.64.0/18|*.10.15.64.0/18|10.15.128.0/17|*.10.15.128.0/17|10.16.0.0/12|*.10.16.0.0/12|10.32.0.0/11|*.10.32.0.0/11|10.64.0.0/10|*.10.64.0.0/10|10.131.127.252/31|*.10.131.127.252/31|10.131.127.248/30|*.10.131.127.248/30|10.131.127.240/29|*.10.131.127.240/29|10.131.127.224/28|*.10.131.127.224/28|10.131.127.192/27|*.10.131.127.192/27|10.131.127.128/26|*.10.131.127.128/26|10.131.127.0/25|*.10.131.127.0/25|10.131.126.0/24|*.10.131.126.0/24|10.131.124.0/23|*.10.131.124.0/23|10.131.120.0/22|*.10.131.120.0/22|10.131.112.0/21|*.10.131.112.0/21|10.131.96.0/20|*.10.131.96.0/20|10.131.64.0/19|*.10.131.64.0/19|10.131.0.0/18|*.10.131.0.0/18|10.130.0.0/16|*.10.130.0.0/16|10.128.0.0/15|*.10.128.0.0/15|10.131.127.255/32|*.10.131.127.255/32|10.131.128.0/17|*.10.131.128.0/17|10.132.0.0/14|*.10.132.0.0/14|10.136.0.0/13|*.10.136.0.0/13|10.144.0.0/12|*.10.144.0.0/12|10.160.0.0/11|*.10.160.0.0/11|10.192.0.0/10|*.10.192.0.0/10|41.178.5.80/29|*.41.178.5.80/29|140.206.253.0/24|*.140.206.253.0/24|164.61.192.0/28|*.164.61.192.0/28|164.61.128.0/18|*.164.61.128.0/18|164.61.0.0/17|*.164.61.0.0/17|164.61.192.17/32|*.164.61.192.17/32|164.61.192.18/31|*.164.61.192.18/31|164.61.192.20/30|*.164.61.192.20/30|164.61.192.24/29|*.164.61.192.24/29|164.61.192.32/27|*.164.61.192.32/27|164.61.192.64/26|*.164.61.192.64/26|164.61.192.128/25|*.164.61.192.128/25|164.61.193.0/24|*.164.61.193.0/24|164.61.194.0/23|*.164.61.194.0/23|164.61.196.0/22|*.164.61.196.0/22|164.61.200.0/21|*.164.61.200.0/21|164.61.208.0/20|*.164.61.208.0/20|164.61.224.0/19|*.164.61.224.0/19|164.139.0.0/18|*.164.139.0.0/18|164.139.88.0/22|*.164.139.88.0/22|164.139.80.0/21|*.164.139.80.0/21|164.139.132.0/24|*.164.139.132.0/24|164.139.170.0/24|*.164.139.170.0/24|164.139.192.0/19|*.164.139.192.0/19|164.139.232.128/27|*.164.139.232.128/27|164.139.240.128/27|*.164.139.240.128/27|164.139.252.160/27|*.164.139.252.160/27|172.22.216.0/23|*.172.22.216.0/23|172.22.208.0/21|*.172.22.208.0/21|172.22.192.0/20|*.172.22.192.0/20|172.22.128.0/18|*.172.22.128.0/18|172.22.0.0/17|*.172.22.0.0/17|172.20.0.0/15|*.172.20.0.0/15|172.16.0.0/14|*.172.16.0.0/14|172.22.219.0/24|*.172.22.219.0/24|172.22.220.0/22|*.172.22.220.0/22|172.22.224.0/19|*.172.22.224.0/19|172.23.0.0/16|*.172.23.0.0/16|172.24.0.0/13|*.172.24.0.0/13|194.31.224.0/24|*.194.31.224.0/24|194.99.160.0/19|*.194.99.160.0/19|194.99.192.0/22|*.194.99.192.0/22|194.99.196.128/27|*.194.99.196.128/27|194.99.200.0/21|*.194.99.200.0/21|194.99.216.0/23|*.194.99.216.0/23|194.99.208.0/21|*.194.99.208.0/21|194.99.219.0/25|*.194.99.219.0/25|194.99.220.0/28|*.194.99.220.0/28|194.99.232.128/26|*.194.99.232.128/26|194.99.236.0/22|*.194.99.236.0/22|194.99.240.192/26|*.194.99.240.192/26|194.99.242.0/23|*.194.99.242.0/23|194.99.245.0/27|*.194.99.245.0/27|194.99.248.0/28|*.194.99.248.0/28|194.99.248.64/28|*.194.99.248.64/28|194.99.248.120/29|*.194.99.248.120/29|194.99.248.128/28|*.194.99.248.128/28|194.99.248.192/26|*.194.99.248.192/26|194.99.252.0/22|*.194.99.252.0/22|194.120.192.0/23|*.194.120.192.0/23|194.120.201.0/24|*.194.120.201.0/24|194.120.204.0/22|*.194.120.204.0/22|194.120.217.0/24|*.194.120.217.0/24|194.120.219.0/24|*.194.120.219.0/24|194.120.222.0/24|*.194.120.222.0/24|194.120.220.0/23|*.194.120.220.0/23|194.123.45.0/24|*.194.123.45.0/24|194.156.40.0/22|*.194.156.40.0/22|194.156.32.0/21|*.194.156.32.0/21|194.156.48.0/20|*.194.156.48.0/20|194.209.131.0/27|*.194.209.131.0/27|195.22.240.112/29|*.195.22.240.112/29|195.65.5.192/26|*.195.65.5.192/26|195.101.171.192/28|*.195.101.171.192/28|202.125.143.240/28|*.202.125.143.240/28|210.175.251.104/29|*.210.175.251.104/29|210.175.251.112/28|*.210.175.251.112/28|220.248.5.112/28|*.220.248.5.112/28, ftp.nonProxyHosts=local|*.local|169.254/16|*.169.254/16|10.15.0.0/20|*.10.15.0.0/20|10.14.0.0/16|*.10.14.0.0/16|10.12.0.0/15|*.10.12.0.0/15|10.8.0.0/14|*.10.8.0.0/14|10.0.0.0/13|*.10.0.0.0/13|10.15.20.0/22|*.10.15.20.0/22|10.15.24.0/21|*.10.15.24.0/21|10.15.32.0/19|*.10.15.32.0/19|10.15.64.0/18|*.10.15.64.0/18|10.15.128.0/17|*.10.15.128.0/17|10.16.0.0/12|*.10.16.0.0/12|10.32.0.0/11|*.10.32.0.0/11|10.64.0.0/10|*.10.64.0.0/10|10.131.127.252/31|*.10.131.127.252/31|10.131.127.248/30|*.10.131.127.248/30|10.131.127.240/29|*.10.131.127.240/29|10.131.127.224/28|*.10.131.127.224/28|10.131.127.192/27|*.10.131.127.192/27|10.131.127.128/26|*.10.131.127.128/26|10.131.127.0/25|*.10.131.127.0/25|10.131.126.0/24|*.10.131.126.0/24|10.131.124.0/23|*.10.131.124.0/23|10.131.120.0/22|*.10.131.120.0/22|10.131.112.0/21|*.10.131.112.0/21|10.131.96.0/20|*.10.131.96.0/20|10.131.64.0/19|*.10.131.64.0/19|10.131.0.0/18|*.10.131.0.0/18|10.130.0.0/16|*.10.130.0.0/16|10.128.0.0/15|*.10.128.0.0/15|10.131.127.255/32|*.10.131.127.255/32|10.131.128.0/17|*.10.131.128.0/17|10.132.0.0/14|*.10.132.0.0/14|10.136.0.0/13|*.10.136.0.0/13|10.144.0.0/12|*.10.144.0.0/12|10.160.0.0/11|*.10.160.0.0/11|10.192.0.0/10|*.10.192.0.0/10|41.178.5.80/29|*.41.178.5.80/29|140.206.253.0/24|*.140.206.253.0/24|164.61.192.0/28|*.164.61.192.0/28|164.61.128.0/18|*.164.61.128.0/18|164.61.0.0/17|*.164.61.0.0/17|164.61.192.17/32|*.164.61.192.17/32|164.61.192.18/31|*.164.61.192.18/31|164.61.192.20/30|*.164.61.192.20/30|164.61.192.24/29|*.164.61.192.24/29|164.61.192.32/27|*.164.61.192.32/27|164.61.192.64/26|*.164.61.192.64/26|164.61.192.128/25|*.164.61.192.128/25|164.61.193.0/24|*.164.61.193.0/24|164.61.194.0/23|*.164.61.194.0/23|164.61.196.0/22|*.164.61.196.0/22|164.61.200.0/21|*.164.61.200.0/21|164.61.208.0/20|*.164.61.208.0/20|164.61.224.0/19|*.164.61.224.0/19|164.139.0.0/18|*.164.139.0.0/18|164.139.88.0/22|*.164.139.88.0/22|164.139.80.0/21|*.164.139.80.0/21|164.139.132.0/24|*.164.139.132.0/24|164.139.170.0/24|*.164.139.170.0/24|164.139.192.0/19|*.164.139.192.0/19|164.139.232.128/27|*.164.139.232.128/27|164.139.240.128/27|*.164.139.240.128/27|164.139.252.160/27|*.164.139.252.160/27|172.22.216.0/23|*.172.22.216.0/23|172.22.208.0/21|*.172.22.208.0/21|172.22.192.0/20|*.172.22.192.0/20|172.22.128.0/18|*.172.22.128.0/18|172.22.0.0/17|*.172.22.0.0/17|172.20.0.0/15|*.172.20.0.0/15|172.16.0.0/14|*.172.16.0.0/14|172.22.219.0/24|*.172.22.219.0/24|172.22.220.0/22|*.172.22.220.0/22|172.22.224.0/19|*.172.22.224.0/19|172.23.0.0/16|*.172.23.0.0/16|172.24.0.0/13|*.172.24.0.0/13|194.31.224.0/24|*.194.31.224.0/24|194.99.160.0/19|*.194.99.160.0/19|194.99.192.0/22|*.194.99.192.0/22|194.99.196.128/27|*.194.99.196.128/27|194.99.200.0/21|*.194.99.200.0/21|194.99.216.0/23|*.194.99.216.0/23|194.99.208.0/21|*.194.99.208.0/21|194.99.219.0/25|*.194.99.219.0/25|194.99.220.0/28|*.194.99.220.0/28|194.99.232.128/26|*.194.99.232.128/26|194.99.236.0/22|*.194.99.236.0/22|194.99.240.192/26|*.194.99.240.192/26|194.99.242.0/23|*.194.99.242.0/23|194.99.245.0/27|*.194.99.245.0/27|194.99.248.0/28|*.194.99.248.0/28|194.99.248.64/28|*.194.99.248.64/28|194.99.248.120/29|*.194.99.248.120/29|194.99.248.128/28|*.194.99.248.128/28|194.99.248.192/26|*.194.99.248.192/26|194.99.252.0/22|*.194.99.252.0/22|194.120.192.0/23|*.194.120.192.0/23|194.120.201.0/24|*.194.120.201.0/24|194.120.204.0/22|*.194.120.204.0/22|194.120.217.0/24|*.194.120.217.0/24|194.120.219.0/24|*.194.120.219.0/24|194.120.222.0/24|*.194.120.222.0/24|194.120.220.0/23|*.194.120.220.0/23|194.123.45.0/24|*.194.123.45.0/24|194.156.40.0/22|*.194.156.40.0/22|194.156.32.0/21|*.194.156.32.0/21|194.156.48.0/20|*.194.156.48.0/20|194.209.131.0/27|*.194.209.131.0/27|195.22.240.112/29|*.195.22.240.112/29|195.65.5.192/26|*.195.65.5.192/26|195.101.171.192/28|*.195.101.171.192/28|202.125.143.240/28|*.202.125.143.240/28|210.175.251.104/29|*.210.175.251.104/29|210.175.251.112/28|*.210.175.251.112/28|220.248.5.112/28|*.220.248.5.112/28, sun.cpu.isalist=}}, SystemEnvironmentPropertySource@1742027525 {name='systemEnvironment', properties={PATH=/Users/atmaramn/.rvm/gems/ruby-2.2.2/bin:/Users/atmaramn/.rvm/gems/ruby-2.2.2@global/bin:/Users/atmaramn/.rvm/rubies/ruby-2.2.2/bin:/usr/local/bin:/usr/local/sbin:/usr/bin:/bin:/usr/sbin:/sbin:/usr/local/MacGPG2/bin:/Library/Frameworks/Mono.framework/Versions/Current/Commands:/Users/atmaramn/.rvm/bin:/Users/atmaramn/.composer/vendor/bin:/Users/atmaramn/Projects/metro/betty_depotmanagement_scripts/sh, IRBRC=/Users/atmaramn/.rvm/rubies/ruby-2.2.2/.irbrc, rvm_silent_flag=, rvm_quiet_flag=, BOOT2DOCKER_HOST_IP=192.168.99.1, BOOT2DOCKER_IP=192.168.99.100, rvm_bin_flag=, AUTOJUMP_SOURCED=1, rvm_ruby_mode=, rvm_ruby_make_install=, rvm_niceness=, LOGNAME=atmaramn, rvm_version=1.27.0 (latest), PWD=/Users/atmaramn/Projects/atmaram/webstore/registration-service, TERM_PROGRAM_VERSION=3.0.7, export=, rvm_proxy=, JAVA_MAIN_CLASS_15237=worker.org.gradle.process.internal.worker.GradleWorkerMain, SHELL=/bin/zsh, PAGER=less, rvm_hook=, rvm_wrapper_name=, MY_RUBY_HOME=/Users/atmaramn/.rvm/rubies/ruby-2.2.2, PASSWORD_STORE_DIR=/Users/atmaramn/Projects/metro/betty_depotmanagement_secrets, rvm_sdk=, OLDPWD=/usr/local/Cellar/gradle/3.2.1/libexec, rvm_nightly_flag=, GEM_HOME=/Users/atmaramn/.rvm/gems/ruby-2.2.2, ZSH=/Users/atmaramn/.oh-my-zsh, ITERM_PROFILE=Default, rvm_path=/Users/atmaramn/.rvm, TMPDIR=/var/folders/1d/x99ffcb9711gwrd81cn6c6br0000gn/T/, rvm_use_flag=, RUBY_VERSION=ruby-2.2.2, XPC_FLAGS=0x0, TERM_SESSION_ID=w0t0p1:5027C9DC-861E-499D-8EE9-F7EF1F03E324, _system_name=OSX, __CF_USER_TEXT_ENCODING=0x1F5:0x0:0x0, Apple_PubSub_Socket_Render=/private/tmp/com.apple.launchd.hte5iOI0bh/Render, LESS=-R, LC_CTYPE=en_US.UTF-8, COLORFGBG=7;0, SHLVL=1, AUTOJUMP_ERROR_PATH=/Users/atmaramn/Library/autojump/errors.log, rvm_gemstone_package_file=, JAVA_ARCH=x86_64, _system_arch=x86_64, DOCKER_HOST=tcp://192.168.99.100:2376, rvm_bin_path=/Users/atmaramn/.rvm/bin, TERM=xterm-256color, rvm_only_path_flag=, rvm_prefix=/Users/atmaramn, LANG=en_US.UTF-8, rvm_script_name=, rvm_ruby_make=, DOCKER_MACHINE_NAME=dev, ITERM_SESSION_ID=w0t0p1:5027C9DC-861E-499D-8EE9-F7EF1F03E324, rvm_gemstone_url=, DOCKER_CERT_PATH=/Users/atmaramn/.docker/machine/machines/dev, rvm_docs_type=, XPC_SERVICE_NAME=0, JAVA_MAIN_CLASS_15216=org.gradle.launcher.GradleMain, APP_ICON_15216=/usr/local/Cellar/gradle/3.2.1/libexec/media/gradle.icns, METRO_DIR=/Users/atmaramn/Projects/metro, TERM_PROGRAM=iTerm.app, LSCOLORS=Gxfxcxdxbxegedabagacad, _system_type=Darwin, APP_NAME_15216=Gradle, _system_version=10.13, USER=atmaramn, rvm_ruby_file=, rvm_alias_expanded=, rvm_ruby_bits=, SSH_AUTH_SOCK=/private/tmp/com.apple.launchd.kdp3OydsGZ/Listeners, EDITOR=vi, DOCKER_TLS_VERIFY=1, GEM_PATH=/Users/atmaramn/.rvm/gems/ruby-2.2.2:/Users/atmaramn/.rvm/gems/ruby-2.2.2@global, com.apple.java.jvmTask=CommandLine, HOME=/Users/atmaramn}}]
13:37:14.042 [Test worker] DEBUG org.springframework.test.context.support.AnnotationConfigContextLoader - Registering annotated classes: {class registration.service.UserManagerTest$UserManagerImplTestContextConfiguration}
13:37:14.068 [Test worker] INFO org.springframework.context.support.GenericApplicationContext - Refreshing org.springframework.context.support.GenericApplicationContext@3b6bcac8: startup date [Tue Mar 13 13:37:14 IST 2018]; root of context hierarchy
13:37:14.069 [Test worker] DEBUG org.springframework.context.support.GenericApplicationContext - Bean factory for org.springframework.context.support.GenericApplicationContext@3b6bcac8: org.springframework.beans.factory.support.DefaultListableBeanFactory@1af68356: defining beans [org.springframework.context.annotation.internalConfigurationAnnotationProcessor,org.springframework.context.annotation.internalAutowiredAnnotationProcessor,org.springframework.context.annotation.internalRequiredAnnotationProcessor,org.springframework.context.annotation.internalCommonAnnotationProcessor,org.springframework.context.annotation.internalPersistenceAnnotationProcessor,org.springframework.context.event.internalEventListenerProcessor,org.springframework.context.event.internalEventListenerFactory,userManagerTest.UserManagerImplTestContextConfiguration,org.springframework.boot.test.mock.mockito.MockitoPostProcessor$SpyPostProcessor,org.springframework.boot.test.mock.mockito.MockitoPostProcessor]; root of factory hierarchy
13:37:14.080 [Test worker] DEBUG org.springframework.beans.factory.support.DefaultListableBeanFactory - Creating shared instance of singleton bean 'org.springframework.context.annotation.internalConfigurationAnnotationProcessor'
13:37:14.080 [Test worker] DEBUG org.springframework.beans.factory.support.DefaultListableBeanFactory - Creating instance of bean 'org.springframework.context.annotation.internalConfigurationAnnotationProcessor'
13:37:14.093 [Test worker] DEBUG org.springframework.beans.factory.support.DefaultListableBeanFactory - Eagerly caching bean 'org.springframework.context.annotation.internalConfigurationAnnotationProcessor' to allow for resolving potential circular references
13:37:14.095 [Test worker] DEBUG org.springframework.beans.factory.support.DefaultListableBeanFactory - Finished creating instance of bean 'org.springframework.context.annotation.internalConfigurationAnnotationProcessor'
13:37:14.124 [Test worker] DEBUG org.springframework.context.annotation.ConfigurationClassBeanDefinitionReader - Registering bean definition for @Bean method registration.service.UserManagerTest$UserManagerImplTestContextConfiguration.userManager()
13:37:14.125 [Test worker] DEBUG org.springframework.context.annotation.ConfigurationClassBeanDefinitionReader - Registering bean definition for @Bean method registration.service.UserManagerTest$UserManagerImplTestContextConfiguration.userRepository()
13:37:14.125 [Test worker] DEBUG org.springframework.context.annotation.ConfigurationClassBeanDefinitionReader - Registering bean definition for @Bean method registration.service.UserManagerTest$UserManagerImplTestContextConfiguration.bCryptPasswordEncoder()
13:37:14.183 [Test worker] DEBUG org.springframework.context.annotation.ConfigurationClassEnhancer - Successfully enhanced registration.service.UserManagerTest$UserManagerImplTestContextConfiguration; enhanced class name is: registration.service.UserManagerTest$UserManagerImplTestContextConfiguration$$EnhancerBySpringCGLIB$$fdcfe0ff
13:37:14.183 [Test worker] DEBUG org.springframework.context.annotation.ConfigurationClassPostProcessor - Replacing bean definition 'userManagerTest.UserManagerImplTestContextConfiguration' existing class 'registration.service.UserManagerTest$UserManagerImplTestContextConfiguration' with enhanced class 'registration.service.UserManagerTest$UserManagerImplTestContextConfiguration$$EnhancerBySpringCGLIB$$fdcfe0ff'
13:37:14.184 [Test worker] DEBUG org.springframework.beans.factory.support.DefaultListableBeanFactory - Creating shared instance of singleton bean 'org.springframework.boot.test.mock.mockito.MockitoPostProcessor'
13:37:14.184 [Test worker] DEBUG org.springframework.beans.factory.support.DefaultListableBeanFactory - Creating instance of bean 'org.springframework.boot.test.mock.mockito.MockitoPostProcessor'
13:37:14.201 [Test worker] DEBUG org.springframework.beans.factory.support.DefaultListableBeanFactory - Eagerly caching bean 'org.springframework.boot.test.mock.mockito.MockitoPostProcessor' to allow for resolving potential circular references
13:37:14.215 [Test worker] DEBUG org.springframework.beans.factory.support.DefaultListableBeanFactory - Finished creating instance of bean 'org.springframework.boot.test.mock.mockito.MockitoPostProcessor'
13:37:14.217 [Test worker] DEBUG org.springframework.beans.factory.support.DefaultListableBeanFactory - Creating shared instance of singleton bean 'org.springframework.context.annotation.internalAutowiredAnnotationProcessor'
13:37:14.217 [Test worker] DEBUG org.springframework.beans.factory.support.DefaultListableBeanFactory - Creating instance of bean 'org.springframework.context.annotation.internalAutowiredAnnotationProcessor'
13:37:14.218 [Test worker] DEBUG org.springframework.beans.factory.support.DefaultListableBeanFactory - Eagerly caching bean 'org.springframework.context.annotation.internalAutowiredAnnotationProcessor' to allow for resolving potential circular references
13:37:14.221 [Test worker] DEBUG org.springframework.beans.factory.support.DefaultListableBeanFactory - Finished creating instance of bean 'org.springframework.context.annotation.internalAutowiredAnnotationProcessor'
13:37:14.221 [Test worker] DEBUG org.springframework.beans.factory.support.DefaultListableBeanFactory - Creating shared instance of singleton bean 'org.springframework.context.annotation.internalRequiredAnnotationProcessor'
13:37:14.221 [Test worker] DEBUG org.springframework.beans.factory.support.DefaultListableBeanFactory - Creating instance of bean 'org.springframework.context.annotation.internalRequiredAnnotationProcessor'
13:37:14.221 [Test worker] DEBUG org.springframework.beans.factory.support.DefaultListableBeanFactory - Eagerly caching bean 'org.springframework.context.annotation.internalRequiredAnnotationProcessor' to allow for resolving potential circular references
13:37:14.224 [Test worker] DEBUG org.springframework.beans.factory.support.DefaultListableBeanFactory - Finished creating instance of bean 'org.springframework.context.annotation.internalRequiredAnnotationProcessor'
13:37:14.224 [Test worker] DEBUG org.springframework.beans.factory.support.DefaultListableBeanFactory - Creating shared instance of singleton bean 'org.springframework.context.annotation.internalCommonAnnotationProcessor'
13:37:14.224 [Test worker] DEBUG org.springframework.beans.factory.support.DefaultListableBeanFactory - Creating instance of bean 'org.springframework.context.annotation.internalCommonAnnotationProcessor'
13:37:14.227 [Test worker] DEBUG org.springframework.beans.factory.support.DefaultListableBeanFactory - Eagerly caching bean 'org.springframework.context.annotation.internalCommonAnnotationProcessor' to allow for resolving potential circular references
13:37:14.231 [Test worker] DEBUG org.springframework.beans.factory.support.DefaultListableBeanFactory - Finished creating instance of bean 'org.springframework.context.annotation.internalCommonAnnotationProcessor'
13:37:14.231 [Test worker] DEBUG org.springframework.beans.factory.support.DefaultListableBeanFactory - Creating shared instance of singleton bean 'org.springframework.context.annotation.internalPersistenceAnnotationProcessor'
13:37:14.231 [Test worker] DEBUG org.springframework.beans.factory.support.DefaultListableBeanFactory - Creating instance of bean 'org.springframework.context.annotation.internalPersistenceAnnotationProcessor'
13:37:14.232 [Test worker] DEBUG org.springframework.beans.factory.support.DefaultListableBeanFactory - Eagerly caching bean 'org.springframework.context.annotation.internalPersistenceAnnotationProcessor' to allow for resolving potential circular references
13:37:14.236 [Test worker] DEBUG org.springframework.beans.factory.support.DefaultListableBeanFactory - Finished creating instance of bean 'org.springframework.context.annotation.internalPersistenceAnnotationProcessor'
13:37:14.236 [Test worker] DEBUG org.springframework.beans.factory.support.DefaultListableBeanFactory - Creating shared instance of singleton bean 'org.springframework.boot.test.mock.mockito.MockitoPostProcessor$SpyPostProcessor'
13:37:14.236 [Test worker] DEBUG org.springframework.beans.factory.support.DefaultListableBeanFactory - Creating instance of bean 'org.springframework.boot.test.mock.mockito.MockitoPostProcessor$SpyPostProcessor'
13:37:14.241 [Test worker] DEBUG org.springframework.beans.factory.support.DefaultListableBeanFactory - Returning cached instance of singleton bean 'org.springframework.boot.test.mock.mockito.MockitoPostProcessor'
13:37:14.242 [Test worker] DEBUG org.springframework.beans.factory.support.DefaultListableBeanFactory - Eagerly caching bean 'org.springframework.boot.test.mock.mockito.MockitoPostProcessor$SpyPostProcessor' to allow for resolving potential circular references
13:37:14.244 [Test worker] DEBUG org.springframework.beans.factory.support.DefaultListableBeanFactory - Finished creating instance of bean 'org.springframework.boot.test.mock.mockito.MockitoPostProcessor$SpyPostProcessor'
13:37:14.244 [Test worker] DEBUG org.springframework.beans.factory.support.DefaultListableBeanFactory - Returning cached instance of singleton bean 'org.springframework.boot.test.mock.mockito.MockitoPostProcessor'
13:37:14.244 [Test worker] DEBUG org.springframework.beans.factory.support.DefaultListableBeanFactory - Returning cached instance of singleton bean 'org.springframework.boot.test.autoconfigure.properties.PropertyMappingContextCustomizer$PropertyMappingCheckBeanPostProcessor'
13:37:14.245 [Test worker] DEBUG org.springframework.context.support.GenericApplicationContext - Unable to locate MessageSource with name 'messageSource': using default [org.springframework.context.support.DelegatingMessageSource@45178bb2]
13:37:14.247 [Test worker] DEBUG org.springframework.context.support.GenericApplicationContext - Unable to locate ApplicationEventMulticaster with name 'applicationEventMulticaster': using default [org.springframework.context.event.SimpleApplicationEventMulticaster@1d8ddf69]
13:37:14.248 [Test worker] DEBUG org.springframework.beans.factory.support.DefaultListableBeanFactory - Pre-instantiating singletons in org.springframework.beans.factory.support.DefaultListableBeanFactory@1af68356: defining beans [org.springframework.context.annotation.internalConfigurationAnnotationProcessor,org.springframework.context.annotation.internalAutowiredAnnotationProcessor,org.springframework.context.annotation.internalRequiredAnnotationProcessor,org.springframework.context.annotation.internalCommonAnnotationProcessor,org.springframework.context.annotation.internalPersistenceAnnotationProcessor,org.springframework.context.event.internalEventListenerProcessor,org.springframework.context.event.internalEventListenerFactory,userManagerTest.UserManagerImplTestContextConfiguration,org.springframework.boot.test.mock.mockito.MockitoPostProcessor$SpyPostProcessor,org.springframework.boot.test.mock.mockito.MockitoPostProcessor,userManager,userRepository,bCryptPasswordEncoder]; root of factory hierarchy
13:37:14.248 [Test worker] DEBUG org.springframework.beans.factory.support.DefaultListableBeanFactory - Returning cached instance of singleton bean 'org.springframework.context.annotation.internalConfigurationAnnotationProcessor'
13:37:14.248 [Test worker] DEBUG org.springframework.beans.factory.support.DefaultListableBeanFactory - Returning cached instance of singleton bean 'org.springframework.context.annotation.internalAutowiredAnnotationProcessor'
13:37:14.248 [Test worker] DEBUG org.springframework.beans.factory.support.DefaultListableBeanFactory - Returning cached instance of singleton bean 'org.springframework.context.annotation.internalRequiredAnnotationProcessor'
13:37:14.248 [Test worker] DEBUG org.springframework.beans.factory.support.DefaultListableBeanFactory - Returning cached instance of singleton bean 'org.springframework.context.annotation.internalCommonAnnotationProcessor'
13:37:14.248 [Test worker] DEBUG org.springframework.beans.factory.support.DefaultListableBeanFactory - Returning cached instance of singleton bean 'org.springframework.context.annotation.internalPersistenceAnnotationProcessor'
13:37:14.249 [Test worker] DEBUG org.springframework.beans.factory.support.DefaultListableBeanFactory - Creating shared instance of singleton bean 'org.springframework.context.event.internalEventListenerProcessor'
13:37:14.249 [Test worker] DEBUG org.springframework.beans.factory.support.DefaultListableBeanFactory - Creating instance of bean 'org.springframework.context.event.internalEventListenerProcessor'
13:37:14.253 [Test worker] DEBUG org.springframework.beans.factory.support.DefaultListableBeanFactory - Eagerly caching bean 'org.springframework.context.event.internalEventListenerProcessor' to allow for resolving potential circular references
13:37:14.254 [Test worker] DEBUG org.springframework.beans.factory.support.DefaultListableBeanFactory - Finished creating instance of bean 'org.springframework.context.event.internalEventListenerProcessor'
13:37:14.255 [Test worker] DEBUG org.springframework.beans.factory.support.DefaultListableBeanFactory - Creating shared instance of singleton bean 'org.springframework.context.event.internalEventListenerFactory'
13:37:14.255 [Test worker] DEBUG org.springframework.beans.factory.support.DefaultListableBeanFactory - Creating instance of bean 'org.springframework.context.event.internalEventListenerFactory'
13:37:14.255 [Test worker] DEBUG org.springframework.beans.factory.support.DefaultListableBeanFactory - Eagerly caching bean 'org.springframework.context.event.internalEventListenerFactory' to allow for resolving potential circular references
13:37:14.257 [Test worker] DEBUG org.springframework.beans.factory.support.DefaultListableBeanFactory - Finished creating instance of bean 'org.springframework.context.event.internalEventListenerFactory'
13:37:14.257 [Test worker] DEBUG org.springframework.beans.factory.support.DefaultListableBeanFactory - Creating shared instance of singleton bean 'userManagerTest.UserManagerImplTestContextConfiguration'
13:37:14.257 [Test worker] DEBUG org.springframework.beans.factory.support.DefaultListableBeanFactory - Creating instance of bean 'userManagerTest.UserManagerImplTestContextConfiguration'
13:37:14.258 [Test worker] DEBUG org.springframework.beans.factory.support.DefaultListableBeanFactory - Eagerly caching bean 'userManagerTest.UserManagerImplTestContextConfiguration' to allow for resolving potential circular references
13:37:14.260 [Test worker] DEBUG org.springframework.beans.factory.support.DefaultListableBeanFactory - Finished creating instance of bean 'userManagerTest.UserManagerImplTestContextConfiguration'
13:37:14.260 [Test worker] DEBUG org.springframework.beans.factory.support.DefaultListableBeanFactory - Returning cached instance of singleton bean 'org.springframework.boot.test.mock.mockito.MockitoPostProcessor$SpyPostProcessor'
13:37:14.260 [Test worker] DEBUG org.springframework.beans.factory.support.DefaultListableBeanFactory - Returning cached instance of singleton bean 'org.springframework.boot.test.mock.mockito.MockitoPostProcessor'
13:37:14.260 [Test worker] DEBUG org.springframework.beans.factory.support.DefaultListableBeanFactory - Creating shared instance of singleton bean 'userManager'
13:37:14.260 [Test worker] DEBUG org.springframework.beans.factory.support.DefaultListableBeanFactory - Creating instance of bean 'userManager'
13:37:14.261 [Test worker] DEBUG org.springframework.beans.factory.support.DefaultListableBeanFactory - Returning cached instance of singleton bean 'userManagerTest.UserManagerImplTestContextConfiguration'
13:37:14.271 [Test worker] DEBUG org.springframework.beans.factory.annotation.InjectionMetadata - Registered injected element on class [registration.service.UserManagerImpl]: AutowiredFieldElement for private org.springframework.security.crypto.bcrypt.BCryptPasswordEncoder registration.service.UserManagerImpl.bCryptPasswordEncoder
13:37:14.272 [Test worker] DEBUG org.springframework.beans.factory.annotation.InjectionMetadata - Registered injected element on class [registration.service.UserManagerImpl]: AutowiredFieldElement for private registration.repositories.UserRepository registration.service.UserManagerImpl.userRepository
13:37:14.272 [Test worker] DEBUG org.springframework.beans.factory.support.DefaultListableBeanFactory - Eagerly caching bean 'userManager' to allow for resolving potential circular references
13:37:14.273 [Test worker] DEBUG org.springframework.beans.factory.annotation.InjectionMetadata - Processing injected element of bean 'userManager': AutowiredFieldElement for private org.springframework.security.crypto.bcrypt.BCryptPasswordEncoder registration.service.UserManagerImpl.bCryptPasswordEncoder
13:37:14.275 [Test worker] DEBUG org.springframework.beans.factory.support.DefaultListableBeanFactory - Creating shared instance of singleton bean 'bCryptPasswordEncoder'
13:37:14.275 [Test worker] DEBUG org.springframework.beans.factory.support.DefaultListableBeanFactory - Creating instance of bean 'bCryptPasswordEncoder'
13:37:14.276 [Test worker] DEBUG org.springframework.beans.factory.support.DefaultListableBeanFactory - Returning cached instance of singleton bean 'userManagerTest.UserManagerImplTestContextConfiguration'
13:37:14.277 [Test worker] DEBUG org.springframework.beans.factory.support.DefaultListableBeanFactory - Eagerly caching bean 'bCryptPasswordEncoder' to allow for resolving potential circular references
13:37:14.278 [Test worker] DEBUG org.springframework.beans.factory.support.DefaultListableBeanFactory - Finished creating instance of bean 'bCryptPasswordEncoder'
13:37:14.278 [Test worker] DEBUG org.springframework.beans.factory.annotation.AutowiredAnnotationBeanPostProcessor - Autowiring by type from bean name 'userManager' to bean named 'bCryptPasswordEncoder'
13:37:14.278 [Test worker] DEBUG org.springframework.beans.factory.annotation.InjectionMetadata - Processing injected element of bean 'userManager': AutowiredFieldElement for private registration.repositories.UserRepository registration.service.UserManagerImpl.userRepository
13:37:14.279 [Test worker] DEBUG org.springframework.beans.factory.support.DefaultListableBeanFactory - Creating shared instance of singleton bean 'userRepository'
13:37:14.279 [Test worker] DEBUG org.springframework.beans.factory.support.DefaultListableBeanFactory - Creating instance of bean 'userRepository'
13:37:14.279 [Test worker] DEBUG org.springframework.beans.factory.support.DefaultListableBeanFactory - Returning cached instance of singleton bean 'userManagerTest.UserManagerImplTestContextConfiguration'
13:37:14.369 [Test worker] DEBUG org.springframework.beans.factory.support.DefaultListableBeanFactory - Eagerly caching bean 'userRepository' to allow for resolving potential circular references
13:37:14.373 [Test worker] DEBUG org.springframework.beans.factory.support.DefaultListableBeanFactory - Finished creating instance of bean 'userRepository'
13:37:14.373 [Test worker] DEBUG org.springframework.beans.factory.annotation.AutowiredAnnotationBeanPostProcessor - Autowiring by type from bean name 'userManager' to bean named 'userRepository'
13:37:14.374 [Test worker] DEBUG org.springframework.beans.factory.support.DefaultListableBeanFactory - Finished creating instance of bean 'userManager'
13:37:14.374 [Test worker] DEBUG org.springframework.beans.factory.support.DefaultListableBeanFactory - Returning cached instance of singleton bean 'userRepository'
13:37:14.374 [Test worker] DEBUG org.springframework.beans.factory.support.DefaultListableBeanFactory - Returning cached instance of singleton bean 'bCryptPasswordEncoder'
13:37:14.375 [Test worker] DEBUG org.springframework.beans.factory.support.DefaultListableBeanFactory - Returning cached instance of singleton bean 'org.springframework.context.event.internalEventListenerFactory'
13:37:14.389 [Test worker] DEBUG org.springframework.context.support.GenericApplicationContext - Unable to locate LifecycleProcessor with name 'lifecycleProcessor': using default [org.springframework.context.support.DefaultLifecycleProcessor@251cd0db]
13:37:14.390 [Test worker] DEBUG org.springframework.beans.factory.support.DefaultListableBeanFactory - Returning cached instance of singleton bean 'lifecycleProcessor'
13:37:14.391 [Test worker] DEBUG org.springframework.core.env.PropertySourcesPropertyResolver - Could not find key 'spring.liveBeansView.mbeanDomain' in any property source
13:37:14.392 [Test worker] DEBUG org.springframework.test.context.cache.DefaultCacheAwareContextLoaderDelegate - Storing ApplicationContext in cache under key [[MergedContextConfiguration@28d12502 testClass = UserManagerTest, locations = '{}', classes = '{class registration.service.UserManagerTest$UserManagerImplTestContextConfiguration}', contextInitializerClasses = '[]', activeProfiles = '{}', propertySourceLocations = '{}', propertySourceProperties = '{}', contextCustomizers = set[org.springframework.boot.test.context.filter.ExcludeFilterContextCustomizer@67fcb0c5, org.springframework.boot.test.json.DuplicateJsonObjectContextCustomizerFactory$DuplicateJsonObjectContextCustomizer@4542eeec, org.springframework.boot.test.mock.mockito.MockitoContextCustomizer@0, org.springframework.boot.test.autoconfigure.properties.PropertyMappingContextCustomizer@0, org.springframework.boot.test.autoconfigure.web.servlet.WebDriverContextCustomizerFactory$Customizer@5cbcd6b4], contextLoader = 'org.springframework.test.context.support.DelegatingSmartContextLoader', parent = [null]]]
13:37:14.393 [Test worker] DEBUG org.springframework.test.context.cache - Spring test ApplicationContext cache statistics: [DefaultContextCache@327da46a size = 1, maxSize = 32, parentContextCount = 0, hitCount = 0, missCount = 1]
13:37:14.396 [Test worker] DEBUG org.springframework.beans.factory.annotation.InjectionMetadata - Processing injected element of bean 'registration.service.UserManagerTest': AutowiredFieldElement for private registration.service.UserManager registration.service.UserManagerTest.userManager
13:37:14.397 [Test worker] DEBUG org.springframework.beans.factory.support.DefaultListableBeanFactory - Returning cached instance of singleton bean 'userManager'
13:37:14.397 [Test worker] DEBUG org.springframework.beans.factory.annotation.AutowiredAnnotationBeanPostProcessor - Autowiring by type from bean name 'registration.service.UserManagerTest' to bean named 'userManager'
13:37:14.397 [Test worker] DEBUG org.springframework.beans.factory.annotation.InjectionMetadata - Processing injected element of bean 'registration.service.UserManagerTest': AutowiredFieldElement for private registration.repositories.UserRepository registration.service.UserManagerTest.userRepository
13:37:14.397 [Test worker] DEBUG org.springframework.beans.factory.support.DefaultListableBeanFactory - Returning cached instance of singleton bean 'userRepository'
13:37:14.397 [Test worker] DEBUG org.springframework.beans.factory.annotation.AutowiredAnnotationBeanPostProcessor - Autowiring by type from bean name 'registration.service.UserManagerTest' to bean named 'userRepository'
13:37:14.400 [Test worker] DEBUG org.springframework.test.context.support.AbstractDirtiesContextTestExecutionListener - Before test method: context [DefaultTestContext@123041df testClass = UserManagerTest, testInstance = registration.service.UserManagerTest@11f584d5, testMethod = should_thow_exception_when_duplicate_email@UserManagerTest, testException = [null], mergedContextConfiguration = [MergedContextConfiguration@28d12502 testClass = UserManagerTest, locations = '{}', classes = '{class registration.service.UserManagerTest$UserManagerImplTestContextConfiguration}', contextInitializerClasses = '[]', activeProfiles = '{}', propertySourceLocations = '{}', propertySourceProperties = '{}', contextCustomizers = set[org.springframework.boot.test.context.filter.ExcludeFilterContextCustomizer@67fcb0c5, org.springframework.boot.test.json.DuplicateJsonObjectContextCustomizerFactory$DuplicateJsonObjectContextCustomizer@4542eeec, org.springframework.boot.test.mock.mockito.MockitoContextCustomizer@0, org.springframework.boot.test.autoconfigure.properties.PropertyMappingContextCustomizer@0, org.springframework.boot.test.autoconfigure.web.servlet.WebDriverContextCustomizerFactory$Customizer@5cbcd6b4], contextLoader = 'org.springframework.test.context.support.DelegatingSmartContextLoader', parent = [null]]], class annotated with @DirtiesContext [false] with mode [null], method annotated with @DirtiesContext [false] with mode [null].
13:37:14.403 [Test worker] DEBUG org.springframework.test.context.cache.DefaultCacheAwareContextLoaderDelegate - Retrieved ApplicationContext from cache with key [[MergedContextConfiguration@28d12502 testClass = UserManagerTest, locations = '{}', classes = '{class registration.service.UserManagerTest$UserManagerImplTestContextConfiguration}', contextInitializerClasses = '[]', activeProfiles = '{}', propertySourceLocations = '{}', propertySourceProperties = '{}', contextCustomizers = set[org.springframework.boot.test.context.filter.ExcludeFilterContextCustomizer@67fcb0c5, org.springframework.boot.test.json.DuplicateJsonObjectContextCustomizerFactory$DuplicateJsonObjectContextCustomizer@4542eeec, org.springframework.boot.test.mock.mockito.MockitoContextCustomizer@0, org.springframework.boot.test.autoconfigure.properties.PropertyMappingContextCustomizer@0, org.springframework.boot.test.autoconfigure.web.servlet.WebDriverContextCustomizerFactory$Customizer@5cbcd6b4], contextLoader = 'org.springframework.test.context.support.DelegatingSmartContextLoader', parent = [null]]]
13:37:14.403 [Test worker] DEBUG org.springframework.test.context.cache - Spring test ApplicationContext cache statistics: [DefaultContextCache@327da46a size = 1, maxSize = 32, parentContextCount = 0, hitCount = 1, missCount = 1]
13:37:14.405 [Test worker] DEBUG org.springframework.beans.factory.support.DefaultListableBeanFactory - Returning cached instance of singleton bean 'org.springframework.boot.test.mock.mockito.MockitoBeans'
13:37:14.548 [Test worker] DEBUG org.springframework.test.context.cache.DefaultCacheAwareContextLoaderDelegate - Retrieved ApplicationContext from cache with key [[MergedContextConfiguration@28d12502 testClass = UserManagerTest, locations = '{}', classes = '{class registration.service.UserManagerTest$UserManagerImplTestContextConfiguration}', contextInitializerClasses = '[]', activeProfiles = '{}', propertySourceLocations = '{}', propertySourceProperties = '{}', contextCustomizers = set[org.springframework.boot.test.context.filter.ExcludeFilterContextCustomizer@67fcb0c5, org.springframework.boot.test.json.DuplicateJsonObjectContextCustomizerFactory$DuplicateJsonObjectContextCustomizer@4542eeec, org.springframework.boot.test.mock.mockito.MockitoContextCustomizer@0, org.springframework.boot.test.autoconfigure.properties.PropertyMappingContextCustomizer@0, org.springframework.boot.test.autoconfigure.web.servlet.WebDriverContextCustomizerFactory$Customizer@5cbcd6b4], contextLoader = 'org.springframework.test.context.support.DelegatingSmartContextLoader', parent = [null]]]
13:37:14.548 [Test worker] DEBUG org.springframework.test.context.cache - Spring test ApplicationContext cache statistics: [DefaultContextCache@327da46a size = 1, maxSize = 32, parentContextCount = 0, hitCount = 2, missCount = 1]
13:37:14.549 [Test worker] DEBUG org.springframework.test.context.cache.DefaultCacheAwareContextLoaderDelegate - Retrieved ApplicationContext from cache with key [[MergedContextConfiguration@28d12502 testClass = UserManagerTest, locations = '{}', classes = '{class registration.service.UserManagerTest$UserManagerImplTestContextConfiguration}', contextInitializerClasses = '[]', activeProfiles = '{}', propertySourceLocations = '{}', propertySourceProperties = '{}', contextCustomizers = set[org.springframework.boot.test.context.filter.ExcludeFilterContextCustomizer@67fcb0c5, org.springframework.boot.test.json.DuplicateJsonObjectContextCustomizerFactory$DuplicateJsonObjectContextCustomizer@4542eeec, org.springframework.boot.test.mock.mockito.MockitoContextCustomizer@0, org.springframework.boot.test.autoconfigure.properties.PropertyMappingContextCustomizer@0, org.springframework.boot.test.autoconfigure.web.servlet.WebDriverContextCustomizerFactory$Customizer@5cbcd6b4], contextLoader = 'org.springframework.test.context.support.DelegatingSmartContextLoader', parent = [null]]]
13:37:14.549 [Test worker] DEBUG org.springframework.test.context.cache - Spring test ApplicationContext cache statistics: [DefaultContextCache@327da46a size = 1, maxSize = 32, parentContextCount = 0, hitCount = 3, missCount = 1]
13:37:14.550 [Test worker] DEBUG org.springframework.test.context.cache.DefaultCacheAwareContextLoaderDelegate - Retrieved ApplicationContext from cache with key [[MergedContextConfiguration@28d12502 testClass = UserManagerTest, locations = '{}', classes = '{class registration.service.UserManagerTest$UserManagerImplTestContextConfiguration}', contextInitializerClasses = '[]', activeProfiles = '{}', propertySourceLocations = '{}', propertySourceProperties = '{}', contextCustomizers = set[org.springframework.boot.test.context.filter.ExcludeFilterContextCustomizer@67fcb0c5, org.springframework.boot.test.json.DuplicateJsonObjectContextCustomizerFactory$DuplicateJsonObjectContextCustomizer@4542eeec, org.springframework.boot.test.mock.mockito.MockitoContextCustomizer@0, org.springframework.boot.test.autoconfigure.properties.PropertyMappingContextCustomizer@0, org.springframework.boot.test.autoconfigure.web.servlet.WebDriverContextCustomizerFactory$Customizer@5cbcd6b4], contextLoader = 'org.springframework.test.context.support.DelegatingSmartContextLoader', parent = [null]]]
13:37:14.550 [Test worker] DEBUG org.springframework.test.context.cache - Spring test ApplicationContext cache statistics: [DefaultContextCache@327da46a size = 1, maxSize = 32, parentContextCount = 0, hitCount = 4, missCount = 1]
13:37:14.550 [Test worker] DEBUG org.springframework.beans.factory.support.DefaultListableBeanFactory - Returning cached instance of singleton bean 'org.springframework.boot.test.mock.mockito.MockitoBeans'
13:37:14.551 [Test worker] DEBUG org.springframework.test.context.support.AbstractDirtiesContextTestExecutionListener - After test method: context [DefaultTestContext@123041df testClass = UserManagerTest, testInstance = registration.service.UserManagerTest@11f584d5, testMethod = should_thow_exception_when_duplicate_email@UserManagerTest, testException = [null], mergedContextConfiguration = [MergedContextConfiguration@28d12502 testClass = UserManagerTest, locations = '{}', classes = '{class registration.service.UserManagerTest$UserManagerImplTestContextConfiguration}', contextInitializerClasses = '[]', activeProfiles = '{}', propertySourceLocations = '{}', propertySourceProperties = '{}', contextCustomizers = set[org.springframework.boot.test.context.filter.ExcludeFilterContextCustomizer@67fcb0c5, org.springframework.boot.test.json.DuplicateJsonObjectContextCustomizerFactory$DuplicateJsonObjectContextCustomizer@4542eeec, org.springframework.boot.test.mock.mockito.MockitoContextCustomizer@0, org.springframework.boot.test.autoconfigure.properties.PropertyMappingContextCustomizer@0, org.springframework.boot.test.autoconfigure.web.servlet.WebDriverContextCustomizerFactory$Customizer@5cbcd6b4], contextLoader = 'org.springframework.test.context.support.DelegatingSmartContextLoader', parent = [null]]], class annotated with @DirtiesContext [false] with mode [null], method annotated with @DirtiesContext [false] with mode [null].
13:37:14.551 [Test worker] DEBUG org.springframework.test.annotation.ProfileValueUtils - Retrieved @ProfileValueSourceConfiguration [null] for test class [registration.service.UserManagerTest]
13:37:14.551 [Test worker] DEBUG org.springframework.test.annotation.ProfileValueUtils - Retrieved ProfileValueSource type [class org.springframework.test.annotation.SystemProfileValueSource] for class [registration.service.UserManagerTest]
13:37:14.552 [Test worker] DEBUG org.springframework.test.context.support.DependencyInjectionTestExecutionListener - Performing dependency injection for test context [[DefaultTestContext@123041df testClass = UserManagerTest, testInstance = registration.service.UserManagerTest@54927678, testMethod = [null], testException = [null], mergedContextConfiguration = [MergedContextConfiguration@28d12502 testClass = UserManagerTest, locations = '{}', classes = '{class registration.service.UserManagerTest$UserManagerImplTestContextConfiguration}', contextInitializerClasses = '[]', activeProfiles = '{}', propertySourceLocations = '{}', propertySourceProperties = '{}', contextCustomizers = set[org.springframework.boot.test.context.filter.ExcludeFilterContextCustomizer@67fcb0c5, org.springframework.boot.test.json.DuplicateJsonObjectContextCustomizerFactory$DuplicateJsonObjectContextCustomizer@4542eeec, org.springframework.boot.test.mock.mockito.MockitoContextCustomizer@0, org.springframework.boot.test.autoconfigure.properties.PropertyMappingContextCustomizer@0, org.springframework.boot.test.autoconfigure.web.servlet.WebDriverContextCustomizerFactory$Customizer@5cbcd6b4], contextLoader = 'org.springframework.test.context.support.DelegatingSmartContextLoader', parent = [null]]]].
13:37:14.552 [Test worker] DEBUG org.springframework.test.context.cache.DefaultCacheAwareContextLoaderDelegate - Retrieved ApplicationContext from cache with key [[MergedContextConfiguration@28d12502 testClass = UserManagerTest, locations = '{}', classes = '{class registration.service.UserManagerTest$UserManagerImplTestContextConfiguration}', contextInitializerClasses = '[]', activeProfiles = '{}', propertySourceLocations = '{}', propertySourceProperties = '{}', contextCustomizers = set[org.springframework.boot.test.context.filter.ExcludeFilterContextCustomizer@67fcb0c5, org.springframework.boot.test.json.DuplicateJsonObjectContextCustomizerFactory$DuplicateJsonObjectContextCustomizer@4542eeec, org.springframework.boot.test.mock.mockito.MockitoContextCustomizer@0, org.springframework.boot.test.autoconfigure.properties.PropertyMappingContextCustomizer@0, org.springframework.boot.test.autoconfigure.web.servlet.WebDriverContextCustomizerFactory$Customizer@5cbcd6b4], contextLoader = 'org.springframework.test.context.support.DelegatingSmartContextLoader', parent = [null]]]
13:37:14.552 [Test worker] DEBUG org.springframework.test.context.cache - Spring test ApplicationContext cache statistics: [DefaultContextCache@327da46a size = 1, maxSize = 32, parentContextCount = 0, hitCount = 5, missCount = 1]
13:37:14.552 [Test worker] DEBUG org.springframework.beans.factory.annotation.InjectionMetadata - Processing injected element of bean 'registration.service.UserManagerTest': AutowiredFieldElement for private registration.service.UserManager registration.service.UserManagerTest.userManager
13:37:14.552 [Test worker] DEBUG org.springframework.beans.factory.support.DefaultListableBeanFactory - Returning cached instance of singleton bean 'userManager'
[...]
13:37:14.739 [Test worker] DEBUG org.springframework.test.context.cache - Spring test ApplicationContext cache statistics: [DefaultContextCache@327da46a size = 1, maxSize = 32, parentContextCount = 0, hitCount = 16, missCount = 1]
13:37:14.739 [Test worker] DEBUG org.springframework.beans.factory.support.DefaultListableBeanFactory - Returning cached instance of singleton bean 'org.springframework.boot.test.mock.mockito.MockitoBeans'
13:37:14.825 [Test worker] DEBUG org.springframework.test.context.cache.DefaultCacheAwareContextLoaderDelegate - Retrieved ApplicationContext from cache with key [[MergedContextConfiguration@28d12502 testClass = UserManagerTest, locations = '{}', classes = '{class registration.service.UserManagerTest$UserManagerImplTestContextConfiguration}', contextInitializerClasses = '[]', activeProfiles = '{}', propertySourceLocations = '{}', propertySourceProperties = '{}', contextCustomizers = set[org.springframework.boot.test.context.filter.ExcludeFilterContextCustomizer@67fcb0c5, org.springframework.boot.test.json.DuplicateJsonObjectContextCustomizerFactory$DuplicateJsonObjectContextCustomizer@4542eeec, org.springframework.boot.test.mock.mockito.MockitoContextCustomizer@0, org.springframework.boot.test.autoconfigure.properties.PropertyMappingContextCustomizer@0, org.springframework.boot.test.autoconfigure.web.servlet.WebDriverContextCustomizerFactory$Customizer@5cbcd6b4], contextLoader = 'org.springframework.test.context.support.DelegatingSmartContextLoader', parent = [null]]]
13:37:14.825 [Test worker] DEBUG org.springframework.test.context.cache - Spring test ApplicationContext cache statistics: [DefaultContextCache@327da46a size = 1, maxSize = 32, parentContextCount = 0, hitCount = 17, missCount = 1]
13:37:14.826 [Test worker] DEBUG org.springframework.test.context.cache.DefaultCacheAwareContextLoaderDelegate - Retrieved ApplicationContext from cache with key [[MergedContextConfiguration@28d12502 testClass = UserManagerTest, locations = '{}', classes = '{class registration.service.UserManagerTest$UserManagerImplTestContextConfiguration}', contextInitializerClasses = '[]', activeProfiles = '{}', propertySourceLocations = '{}', propertySourceProperties = '{}', contextCustomizers = set[org.springframework.boot.test.context.filter.ExcludeFilterContextCustomizer@67fcb0c5, org.springframework.boot.test.json.DuplicateJsonObjectContextCustomizerFactory$DuplicateJsonObjectContextCustomizer@4542eeec, org.springframework.boot.test.mock.mockito.MockitoContextCustomizer@0, org.springframework.boot.test.autoconfigure.properties.PropertyMappingContextCustomizer@0, org.springframework.boot.test.autoconfigure.web.servlet.WebDriverContextCustomizerFactory$Customizer@5cbcd6b4], contextLoader = 'org.springframework.test.context.support.DelegatingSmartContextLoader', parent = [null]]]
13:37:14.826 [Test worker] DEBUG org.springframework.test.context.cache - Spring test ApplicationContext cache statistics: [DefaultContextCache@327da46a size = 1, maxSize = 32, parentContextCount = 0, hitCount = 18, missCount = 1]
13:37:14.826 [Test worker] DEBUG org.springframework.test.context.cache.DefaultCacheAwareContextLoaderDelegate - Retrieved ApplicationContext from cache with key [[MergedContextConfiguration@28d12502 testClass = UserManagerTest, locations = '{}', classes = '{class registration.service.UserManagerTest$UserManagerImplTestContextConfiguration}', contextInitializerClasses = '[]', activeProfiles = '{}', propertySourceLocations = '{}', propertySourceProperties = '{}', contextCustomizers = set[org.springframework.boot.test.context.filter.ExcludeFilterContextCustomizer@67fcb0c5, org.springframework.boot.test.json.DuplicateJsonObjectContextCustomizerFactory$DuplicateJsonObjectContextCustomizer@4542eeec, org.springframework.boot.test.mock.mockito.MockitoContextCustomizer@0, org.springframework.boot.test.autoconfigure.properties.PropertyMappingContextCustomizer@0, org.springframework.boot.test.autoconfigure.web.servlet.WebDriverContextCustomizerFactory$Customizer@5cbcd6b4], contextLoader = 'org.springframework.test.context.support.DelegatingSmartContextLoader', parent = [null]]]
13:37:14.826 [Test worker] DEBUG org.springframework.test.context.cache - Spring test ApplicationContext cache statistics: [DefaultContextCache@327da46a size = 1, maxSize = 32, parentContextCount = 0, hitCount = 19, missCount = 1]
13:37:14.827 [Test worker] DEBUG org.springframework.beans.factory.support.DefaultListableBeanFactory - Returning cached instance of singleton bean 'org.springframework.boot.test.mock.mockito.MockitoBeans'
13:37:14.827 [Test worker] DEBUG org.springframework.test.context.support.AbstractDirtiesContextTestExecutionListener - After test method: context [DefaultTestContext@123041df testClass = UserManagerTest, testInstance = registration.service.UserManagerTest@9ddb276, testMethod = should_thow_exception_when_unknown_exception@UserManagerTest, testException = [null], mergedContextConfiguration = [MergedContextConfiguration@28d12502 testClass = UserManagerTest, locations = '{}', classes = '{class registration.service.UserManagerTest$UserManagerImplTestContextConfiguration}', contextInitializerClasses = '[]', activeProfiles = '{}', propertySourceLocations = '{}', propertySourceProperties = '{}', contextCustomizers = set[org.springframework.boot.test.context.filter.ExcludeFilterContextCustomizer@67fcb0c5, org.springframework.boot.test.json.DuplicateJsonObjectContextCustomizerFactory$DuplicateJsonObjectContextCustomizer@4542eeec, org.springframework.boot.test.mock.mockito.MockitoContextCustomizer@0, org.springframework.boot.test.autoconfigure.properties.PropertyMappingContextCustomizer@0, org.springframework.boot.test.autoconfigure.web.servlet.WebDriverContextCustomizerFactory$Customizer@5cbcd6b4], contextLoader = 'org.springframework.test.context.support.DelegatingSmartContextLoader', parent = [null]]], class annotated with @DirtiesContext [false] with mode [null], method annotated with @DirtiesContext [false] with mode [null].
13:37:14.827 [Test worker] DEBUG org.springframework.test.annotation.ProfileValueUtils - Retrieved @ProfileValueSourceConfiguration [null] for test class [registration.service.UserManagerTest]
13:37:14.828 [Test worker] DEBUG org.springframework.test.annotation.ProfileValueUtils - Retrieved ProfileValueSource type [class org.springframework.test.annotation.SystemProfileValueSource] for class [registration.service.UserManagerTest]
13:37:14.828 [Test worker] DEBUG org.springframework.test.context.support.DependencyInjectionTestExecutionListener - Performing dependency injection for test context [[DefaultTestContext@123041df testClass = UserManagerTest, testInstance = registration.service.UserManagerTest@65f46459, testMethod = [null], testException = [null], mergedContextConfiguration = [MergedContextConfiguration@28d12502 testClass = UserManagerTest, locations = '{}', classes = '{class registration.service.UserManagerTest$UserManagerImplTestContextConfiguration}', contextInitializerClasses = '[]', activeProfiles = '{}', propertySourceLocations = '{}', propertySourceProperties = '{}', contextCustomizers = set[org.springframework.boot.test.context.filter.ExcludeFilterContextCustomizer@67fcb0c5, org.springframework.boot.test.json.DuplicateJsonObjectContextCustomizerFactory$DuplicateJsonObjectContextCustomizer@4542eeec, org.springframework.boot.test.mock.mockito.MockitoContextCustomizer@0, org.springframework.boot.test.autoconfigure.properties.PropertyMappingContextCustomizer@0, org.springframework.boot.test.autoconfigure.web.servlet.WebDriverContextCustomizerFactory$Customizer@5cbcd6b4], contextLoader = 'org.springframework.test.context.support.DelegatingSmartContextLoader', parent = [null]]]].
13:37:14.828 [Test worker] DEBUG org.springframework.test.context.cache.DefaultCacheAwareContextLoaderDelegate - Retrieved ApplicationContext from cache with key [[MergedContextConfiguration@28d12502 testClass = UserManagerTest, locations = '{}', classes = '{class registration.service.UserManagerTest$UserManagerImplTestContextConfiguration}', contextInitializerClasses = '[]', activeProfiles = '{}', propertySourceLocations = '{}', propertySourceProperties = '{}', contextCustomizers = set[org.springframework.boot.test.context.filter.ExcludeFilterContextCustomizer@67fcb0c5, org.springframework.boot.test.json.DuplicateJsonObjectContextCustomizerFactory$DuplicateJsonObjectContextCustomizer@4542eeec, org.springframework.boot.test.mock.mockito.MockitoContextCustomizer@0, org.springframework.boot.test.autoconfigure.properties.PropertyMappingContextCustomizer@0, org.springframework.boot.test.autoconfigure.web.servlet.WebDriverContextCustomizerFactory$Customizer@5cbcd6b4], contextLoader = 'org.springframework.test.context.support.DelegatingSmartContextLoader', parent = [null]]]
13:37:14.829 [Test worker] DEBUG org.springframework.test.context.cache - Spring test ApplicationContext cache statistics: [DefaultContextCache@327da46a size = 1, maxSize = 32, parentContextCount = 0, hitCount = 20, missCount = 1]
13:37:14.829 [Test worker] DEBUG org.springframework.beans.factory.annotation.InjectionMetadata - Processing injected element of bean 'registration.service.UserManagerTest': AutowiredFieldElement for private registration.service.UserManager registration.service.UserManagerTest.userManager
13:37:14.829 [Test worker] DEBUG org.springframework.beans.factory.support.DefaultListableBeanFactory - Returning cached instance of singleton bean 'userManager'
13:37:14.829 [Test worker] DEBUG org.springframework.beans.factory.annotation.InjectionMetadata - Processing injected element of bean 'registration.service.UserManagerTest': AutowiredFieldElement for private registration.repositories.UserRepository registration.service.UserManagerTest.userRepository
13:37:14.829 [Test worker] DEBUG org.springframework.beans.factory.support.DefaultListableBeanFactory - Returning cached instance of singleton bean 'userRepository'
13:37:14.831 [Test worker] DEBUG org.springframework.test.context.support.AbstractDirtiesContextTestExecutionListener - Before test method: context [DefaultTestContext@123041df testClass = UserManagerTest, testInstance = registration.service.UserManagerTest@65f46459, testMethod = should_get_all_users_return_list_of_userdto@UserManagerTest, testException = [null], mergedContextConfiguration = [MergedContextConfiguration@28d12502 testClass = UserManagerTest, locations = '{}', classes = '{class registration.service.UserManagerTest$UserManagerImplTestContextConfiguration}', contextInitializerClasses = '[]', activeProfiles = '{}', propertySourceLocations = '{}', propertySourceProperties = '{}', contextCustomizers = set[org.springframework.boot.test.context.filter.ExcludeFilterContextCustomizer@67fcb0c5, org.springframework.boot.test.json.DuplicateJsonObjectContextCustomizerFactory$DuplicateJsonObjectContextCustomizer@4542eeec, org.springframework.boot.test.mock.mockito.MockitoContextCustomizer@0, org.springframework.boot.test.autoconfigure.properties.PropertyMappingContextCustomizer@0, org.springframework.boot.test.autoconfigure.web.servlet.WebDriverContextCustomizerFactory$Customizer@5cbcd6b4], contextLoader = 'org.springframework.test.context.support.DelegatingSmartContextLoader', parent = [null]]], class annotated with @DirtiesContext [false] with mode [null], method annotated with @DirtiesContext [false] with mode [null].
13:37:14.831 [Test worker] DEBUG org.springframework.test.context.cache.DefaultCacheAwareContextLoaderDelegate - Retrieved ApplicationContext from cache with key [[MergedContextConfiguration@28d12502 testClass = UserManagerTest, locations = '{}', classes = '{class registration.service.UserManagerTest$UserManagerImplTestContextConfiguration}', contextInitializerClasses = '[]', activeProfiles = '{}', propertySourceLocations = '{}', propertySourceProperties = '{}', contextCustomizers = set[org.springframework.boot.test.context.filter.ExcludeFilterContextCustomizer@67fcb0c5, org.springframework.boot.test.json.DuplicateJsonObjectContextCustomizerFactory$DuplicateJsonObjectContextCustomizer@4542eeec, org.springframework.boot.test.mock.mockito.MockitoContextCustomizer@0, org.springframework.boot.test.autoconfigure.properties.PropertyMappingContextCustomizer@0, org.springframework.boot.test.autoconfigure.web.servlet.WebDriverContextCustomizerFactory$Customizer@5cbcd6b4], contextLoader = 'org.springframework.test.context.support.DelegatingSmartContextLoader', parent = [null]]]
13:37:14.831 [Test worker] DEBUG org.springframework.test.context.cache - Spring test ApplicationContext cache statistics: [DefaultContextCache@327da46a size = 1, maxSize = 32, parentContextCount = 0, hitCount = 21, missCount = 1]
13:37:14.832 [Test worker] DEBUG org.springframework.beans.factory.support.DefaultListableBeanFactory - Returning cached instance of singleton bean 'org.springframework.boot.test.mock.mockito.MockitoBeans'
13:37:14.837 [Test worker] DEBUG org.springframework.test.context.cache.DefaultCacheAwareContextLoaderDelegate - Retrieved ApplicationContext from cache with key [[MergedContextConfiguration@28d12502 testClass = UserManagerTest, locations = '{}', classes = '{class registration.service.UserManagerTest$UserManagerImplTestContextConfiguration}', contextInitializerClasses = '[]', activeProfiles = '{}', propertySourceLocations = '{}', propertySourceProperties = '{}', contextCustomizers = set[org.springframework.boot.test.context.filter.ExcludeFilterContextCustomizer@67fcb0c5, org.springframework.boot.test.json.DuplicateJsonObjectContextCustomizerFactory$DuplicateJsonObjectContextCustomizer@4542eeec, org.springframework.boot.test.mock.mockito.MockitoContextCustomizer@0, org.springframework.boot.test.autoconfigure.properties.PropertyMappingContextCustomizer@0, org.springframework.boot.test.autoconfigure.web.servlet.WebDriverContextCustomizerFactory$Customizer@5cbcd6b4], contextLoader = 'org.springframework.test.context.support.DelegatingSmartContextLoader', parent = [null]]]
13:37:14.837 [Test worker] DEBUG org.springframework.test.context.cache - Spring test ApplicationContext cache statistics: [DefaultContextCache@327da46a size = 1, maxSize = 32, parentContextCount = 0, hitCount = 22, missCount = 1]
13:37:14.838 [Test worker] DEBUG org.springframework.test.context.cache.DefaultCacheAwareContextLoaderDelegate - Retrieved ApplicationContext from cache with key [[MergedContextConfiguration@28d12502 testClass = UserManagerTest, locations = '{}', classes = '{class registration.service.UserManagerTest$UserManagerImplTestContextConfiguration}', contextInitializerClasses = '[]', activeProfiles = '{}', propertySourceLocations = '{}', propertySourceProperties = '{}', contextCustomizers = set[org.springframework.boot.test.context.filter.ExcludeFilterContextCustomizer@67fcb0c5, org.springframework.boot.test.json.DuplicateJsonObjectContextCustomizerFactory$DuplicateJsonObjectContextCustomizer@4542eeec, org.springframework.boot.test.mock.mockito.MockitoContextCustomizer@0, org.springframework.boot.test.autoconfigure.properties.PropertyMappingContextCustomizer@0, org.springframework.boot.test.autoconfigure.web.servlet.WebDriverContextCustomizerFactory$Customizer@5cbcd6b4], contextLoader = 'org.springframework.test.context.support.DelegatingSmartContextLoader', parent = [null]]]
13:37:14.838 [Test worker] DEBUG org.springframework.test.context.cache - Spring test ApplicationContext cache statistics: [DefaultContextCache@327da46a size = 1, maxSize = 32, parentContextCount = 0, hitCount = 23, missCount = 1]
13:37:14.838 [Test worker] DEBUG org.springframework.test.context.cache.DefaultCacheAwareContextLoaderDelegate - Retrieved ApplicationContext from cache with key [[MergedContextConfiguration@28d12502 testClass = UserManagerTest, locations = '{}', classes = '{class registration.service.UserManagerTest$UserManagerImplTestContextConfiguration}', contextInitializerClasses = '[]', activeProfiles = '{}', propertySourceLocations = '{}', propertySourceProperties = '{}', contextCustomizers = set[org.springframework.boot.test.context.filter.ExcludeFilterContextCustomizer@67fcb0c5, org.springframework.boot.test.json.DuplicateJsonObjectContextCustomizerFactory$DuplicateJsonObjectContextCustomizer@4542eeec, org.springframework.boot.test.mock.mockito.MockitoContextCustomizer@0, org.springframework.boot.test.autoconfigure.properties.PropertyMappingContextCustomizer@0, org.springframework.boot.test.autoconfigure.web.servlet.WebDriverContextCustomizerFactory$Customizer@5cbcd6b4], contextLoader = 'org.springframework.test.context.support.DelegatingSmartContextLoader', parent = [null]]]
13:37:14.838 [Test worker] DEBUG org.springframework.test.context.cache - Spring test ApplicationContext cache statistics: [DefaultContextCache@327da46a size = 1, maxSize = 32, parentContextCount = 0, hitCount = 24, missCount = 1]
13:37:14.838 [Test worker] DEBUG org.springframework.beans.factory.support.DefaultListableBeanFactory - Returning cached instance of singleton bean 'org.springframework.boot.test.mock.mockito.MockitoBeans'
13:37:14.839 [Test worker] DEBUG org.springframework.test.context.support.AbstractDirtiesContextTestExecutionListener - After test method: context [DefaultTestContext@123041df testClass = UserManagerTest, testInstance = registration.service.UserManagerTest@65f46459, testMethod = should_get_all_users_return_list_of_userdto@UserManagerTest, testException = [null], mergedContextConfiguration = [MergedContextConfiguration@28d12502 testClass = UserManagerTest, locations = '{}', classes = '{class registration.service.UserManagerTest$UserManagerImplTestContextConfiguration}', contextInitializerClasses = '[]', activeProfiles = '{}', propertySourceLocations = '{}', propertySourceProperties = '{}', contextCustomizers = set[org.springframework.boot.test.context.filter.ExcludeFilterContextCustomizer@67fcb0c5, org.springframework.boot.test.json.DuplicateJsonObjectContextCustomizerFactory$DuplicateJsonObjectContextCustomizer@4542eeec, org.springframework.boot.test.mock.mockito.MockitoContextCustomizer@0, org.springframework.boot.test.autoconfigure.properties.PropertyMappingContextCustomizer@0, org.springframework.boot.test.autoconfigure.web.servlet.WebDriverContextCustomizerFactory$Customizer@5cbcd6b4], contextLoader = 'org.springframework.test.context.support.DelegatingSmartContextLoader', parent = [null]]], class annotated with @DirtiesContext [false] with mode [null], method annotated with @DirtiesContext [false] with mode [null].
13:37:14.839 [Test worker] DEBUG org.springframework.test.context.support.AbstractDirtiesContextTestExecutionListener - After test class: context [DefaultTestContext@123041df testClass = UserManagerTest, testInstance = [null], testMethod = [null], testException = [null], mergedContextConfiguration = [MergedContextConfiguration@28d12502 testClass = UserManagerTest, locations = '{}', classes = '{class registration.service.UserManagerTest$UserManagerImplTestContextConfiguration}', contextInitializerClasses = '[]', activeProfiles = '{}', propertySourceLocations = '{}', propertySourceProperties = '{}', contextCustomizers = set[org.springframework.boot.test.context.filter.ExcludeFilterContextCustomizer@67fcb0c5, org.springframework.boot.test.json.DuplicateJsonObjectContextCustomizerFactory$DuplicateJsonObjectContextCustomizer@4542eeec, org.springframework.boot.test.mock.mockito.MockitoContextCustomizer@0, org.springframework.boot.test.autoconfigure.properties.PropertyMappingContextCustomizer@0, org.springframework.boot.test.autoconfigure.web.servlet.WebDriverContextCustomizerFactory$Customizer@5cbcd6b4], contextLoader = 'org.springframework.test.context.support.DelegatingSmartContextLoader', parent = [null]]], class annotated with @DirtiesContext [false] with mode [null].
]]></system-out>
  <system-err><![CDATA[]]></system-err>
</testsuite>
